!SESSION 2023-12-09 17:03:13.370 -----------------------------------------------
eclipse.buildId=1.9.20
java.version=17.0.4.1
java.vendor=Eclipse Adoptium
BootLoader constants: OS=win32, ARCH=x86_64, WS=win32, NL=en_US
Framework arguments:  -perspective com.infineon.aurix.buildmanager.perspective.c
Command-line arguments:  -os win32 -ws win32 -arch x86_64 -perspective com.infineon.aurix.buildmanager.perspective.c

!ENTRY org.eclipse.e4.ui.workbench.swt 4 2 2023-12-09 17:03:48.668
!MESSAGE Problems occurred when invoking code from plug-in: "org.eclipse.e4.ui.workbench.swt".
!STACK 0
org.eclipse.swt.SWTException: Widget is disposed
	at org.eclipse.swt.SWT.error(SWT.java:4918)
	at org.eclipse.swt.SWT.error(SWT.java:4833)
	at org.eclipse.swt.SWT.error(SWT.java:4804)
	at org.eclipse.swt.widgets.Widget.error(Widget.java:450)
	at org.eclipse.swt.widgets.Widget.checkWidget(Widget.java:369)
	at org.eclipse.swt.widgets.Widget.getData(Widget.java:544)
	at org.eclipse.e4.ui.workbench.renderers.swt.ToolBarManagerRenderer.createWidget(ToolBarManagerRenderer.java:434)
	at org.eclipse.e4.ui.internal.workbench.swt.PartRenderingEngine.createWidget(PartRenderingEngine.java:995)
	at org.eclipse.e4.ui.internal.workbench.swt.PartRenderingEngine.safeCreateGui(PartRenderingEngine.java:659)
	at org.eclipse.e4.ui.internal.workbench.swt.PartRenderingEngine.safeCreateGui(PartRenderingEngine.java:763)
	at org.eclipse.e4.ui.internal.workbench.swt.PartRenderingEngine$2.run(PartRenderingEngine.java:728)
	at org.eclipse.core.runtime.SafeRunner.run(SafeRunner.java:45)
	at org.eclipse.e4.ui.internal.workbench.swt.PartRenderingEngine.createGui(PartRenderingEngine.java:712)
	at org.eclipse.e4.ui.internal.workbench.swt.PartRenderingEngine.subscribeChildrenHandler(PartRenderingEngine.java:312)
	at jdk.internal.reflect.GeneratedMethodAccessor9.invoke(Unknown Source)
	at java.base/jdk.internal.reflect.DelegatingMethodAccessorImpl.invoke(DelegatingMethodAccessorImpl.java:43)
	at java.base/java.lang.reflect.Method.invoke(Method.java:568)
	at org.eclipse.e4.core.internal.di.MethodRequestor.execute(MethodRequestor.java:58)
	at org.eclipse.e4.core.di.internal.extensions.EventObjectSupplier$DIEventHandler.handleEvent(EventObjectSupplier.java:92)
	at org.eclipse.equinox.internal.event.EventHandlerWrapper.handleEvent(EventHandlerWrapper.java:205)
	at org.eclipse.equinox.internal.event.EventHandlerTracker.dispatchEvent(EventHandlerTracker.java:203)
	at org.eclipse.equinox.internal.event.EventHandlerTracker.dispatchEvent(EventHandlerTracker.java:1)
	at org.eclipse.osgi.framework.eventmgr.EventManager.dispatchEvent(EventManager.java:234)
	at org.eclipse.osgi.framework.eventmgr.ListenerQueue.dispatchEventSynchronous(ListenerQueue.java:151)
	at org.eclipse.equinox.internal.event.EventAdminImpl.dispatchEvent(EventAdminImpl.java:133)
	at org.eclipse.equinox.internal.event.EventAdminImpl.sendEvent(EventAdminImpl.java:75)
	at org.eclipse.equinox.internal.event.EventComponent.sendEvent(EventComponent.java:44)
	at org.eclipse.e4.ui.services.internal.events.EventBroker.send(EventBroker.java:55)
	at org.eclipse.e4.ui.internal.workbench.UIEventPublisher.notifyChanged(UIEventPublisher.java:63)
	at org.eclipse.emf.common.notify.impl.BasicNotifierImpl.eNotify(BasicNotifierImpl.java:424)
	at org.eclipse.emf.ecore.util.EcoreEList.dispatchNotification(EcoreEList.java:249)
	at org.eclipse.emf.common.notify.impl.NotifyingListImpl.addUnique(NotifyingListImpl.java:356)
	at org.eclipse.emf.common.util.AbstractEList.add(AbstractEList.java:340)
	at org.eclipse.e4.ui.internal.workbench.ContributionsAnalyzer.processAddition(ContributionsAnalyzer.java:448)
	at org.eclipse.e4.ui.workbench.renderers.swt.TrimBarRenderer.addTrimContributions(TrimBarRenderer.java:146)
	at org.eclipse.e4.ui.workbench.renderers.swt.TrimBarRenderer.processContents(TrimBarRenderer.java:118)
	at org.eclipse.e4.ui.internal.workbench.swt.PartRenderingEngine.safeCreateGui(PartRenderingEngine.java:673)
	at org.eclipse.e4.ui.internal.workbench.swt.PartRenderingEngine$1.run(PartRenderingEngine.java:544)
	at org.eclipse.core.runtime.SafeRunner.run(SafeRunner.java:45)
	at org.eclipse.e4.ui.internal.workbench.swt.PartRenderingEngine.createGui(PartRenderingEngine.java:528)
	at org.eclipse.e4.ui.workbench.renderers.swt.WBWRenderer.processContents(WBWRenderer.java:680)
	at org.eclipse.e4.ui.internal.workbench.swt.PartRenderingEngine.safeCreateGui(PartRenderingEngine.java:673)
	at org.eclipse.e4.ui.internal.workbench.swt.PartRenderingEngine.safeCreateGui(PartRenderingEngine.java:763)
	at org.eclipse.e4.ui.internal.workbench.swt.PartRenderingEngine$2.run(PartRenderingEngine.java:728)
	at org.eclipse.core.runtime.SafeRunner.run(SafeRunner.java:45)
	at org.eclipse.e4.ui.internal.workbench.swt.PartRenderingEngine.createGui(PartRenderingEngine.java:712)
	at org.eclipse.e4.ui.internal.workbench.swt.PartRenderingEngine$5.run(PartRenderingEngine.java:1083)
	at org.eclipse.core.databinding.observable.Realm.runWithDefault(Realm.java:338)
	at org.eclipse.e4.ui.internal.workbench.swt.PartRenderingEngine.run(PartRenderingEngine.java:1046)
	at org.eclipse.e4.ui.internal.workbench.E4Workbench.createAndRunUI(E4Workbench.java:155)
	at org.eclipse.ui.internal.Workbench.lambda$3(Workbench.java:643)
	at org.eclipse.core.databinding.observable.Realm.runWithDefault(Realm.java:338)
	at org.eclipse.ui.internal.Workbench.createAndRunWorkbench(Workbench.java:550)
	at org.eclipse.ui.PlatformUI.createAndRunWorkbench(PlatformUI.java:171)
	at org.eclipse.ui.internal.ide.application.IDEApplication.start(IDEApplication.java:152)
	at org.eclipse.equinox.internal.app.EclipseAppHandle.run(EclipseAppHandle.java:203)
	at org.eclipse.core.runtime.internal.adaptor.EclipseAppLauncher.runApplication(EclipseAppLauncher.java:136)
	at org.eclipse.core.runtime.internal.adaptor.EclipseAppLauncher.start(EclipseAppLauncher.java:104)
	at org.eclipse.core.runtime.adaptor.EclipseStarter.run(EclipseStarter.java:402)
	at org.eclipse.core.runtime.adaptor.EclipseStarter.run(EclipseStarter.java:255)
	at java.base/jdk.internal.reflect.NativeMethodAccessorImpl.invoke0(Native Method)
	at java.base/jdk.internal.reflect.NativeMethodAccessorImpl.invoke(NativeMethodAccessorImpl.java:77)
	at java.base/jdk.internal.reflect.DelegatingMethodAccessorImpl.invoke(DelegatingMethodAccessorImpl.java:43)
	at java.base/java.lang.reflect.Method.invoke(Method.java:568)
	at org.eclipse.equinox.launcher.Main.invokeFramework(Main.java:659)
	at org.eclipse.equinox.launcher.Main.basicRun(Main.java:596)
	at org.eclipse.equinox.launcher.Main.run(Main.java:1467)

!ENTRY org.eclipse.e4.ui.workbench 4 0 2023-12-09 17:03:48.670
!MESSAGE Exception occurred while rendering: com.infineon.aurix.buildsystem.active-project.activeProjectActionsToolbar=org.eclipse.e4.ui.model.application.ui.menu.impl.ToolBarImpl@3df04fa1 (tags: [Draggable], contributorURI: null) (widget: ImageBasedFrame {} [layout=null], renderer: org.eclipse.e4.ui.workbench.renderers.swt.ToolBarManagerRenderer@7e89eba7, toBeRendered: true, onTop: false, visible: true, containerData: null, accessibilityPhrase: null)
!STACK 0
org.eclipse.swt.SWTException: Widget is disposed
	at org.eclipse.swt.SWT.error(SWT.java:4918)
	at org.eclipse.swt.SWT.error(SWT.java:4833)
	at org.eclipse.swt.SWT.error(SWT.java:4804)
	at org.eclipse.swt.widgets.Widget.error(Widget.java:450)
	at org.eclipse.swt.widgets.Widget.checkWidget(Widget.java:369)
	at org.eclipse.swt.widgets.Widget.getData(Widget.java:544)
	at org.eclipse.e4.ui.workbench.renderers.swt.ToolBarManagerRenderer.createWidget(ToolBarManagerRenderer.java:434)
	at org.eclipse.e4.ui.internal.workbench.swt.PartRenderingEngine.createWidget(PartRenderingEngine.java:995)
	at org.eclipse.e4.ui.internal.workbench.swt.PartRenderingEngine.safeCreateGui(PartRenderingEngine.java:659)
	at org.eclipse.e4.ui.internal.workbench.swt.PartRenderingEngine.safeCreateGui(PartRenderingEngine.java:763)
	at org.eclipse.e4.ui.internal.workbench.swt.PartRenderingEngine$2.run(PartRenderingEngine.java:728)
	at org.eclipse.core.runtime.SafeRunner.run(SafeRunner.java:45)
	at org.eclipse.e4.ui.internal.workbench.swt.PartRenderingEngine.createGui(PartRenderingEngine.java:712)
	at org.eclipse.e4.ui.internal.workbench.swt.PartRenderingEngine.subscribeChildrenHandler(PartRenderingEngine.java:312)
	at jdk.internal.reflect.GeneratedMethodAccessor9.invoke(Unknown Source)
	at java.base/jdk.internal.reflect.DelegatingMethodAccessorImpl.invoke(DelegatingMethodAccessorImpl.java:43)
	at java.base/java.lang.reflect.Method.invoke(Method.java:568)
	at org.eclipse.e4.core.internal.di.MethodRequestor.execute(MethodRequestor.java:58)
	at org.eclipse.e4.core.di.internal.extensions.EventObjectSupplier$DIEventHandler.handleEvent(EventObjectSupplier.java:92)
	at org.eclipse.equinox.internal.event.EventHandlerWrapper.handleEvent(EventHandlerWrapper.java:205)
	at org.eclipse.equinox.internal.event.EventHandlerTracker.dispatchEvent(EventHandlerTracker.java:203)
	at org.eclipse.equinox.internal.event.EventHandlerTracker.dispatchEvent(EventHandlerTracker.java:1)
	at org.eclipse.osgi.framework.eventmgr.EventManager.dispatchEvent(EventManager.java:234)
	at org.eclipse.osgi.framework.eventmgr.ListenerQueue.dispatchEventSynchronous(ListenerQueue.java:151)
	at org.eclipse.equinox.internal.event.EventAdminImpl.dispatchEvent(EventAdminImpl.java:133)
	at org.eclipse.equinox.internal.event.EventAdminImpl.sendEvent(EventAdminImpl.java:75)
	at org.eclipse.equinox.internal.event.EventComponent.sendEvent(EventComponent.java:44)
	at org.eclipse.e4.ui.services.internal.events.EventBroker.send(EventBroker.java:55)
	at org.eclipse.e4.ui.internal.workbench.UIEventPublisher.notifyChanged(UIEventPublisher.java:63)
	at org.eclipse.emf.common.notify.impl.BasicNotifierImpl.eNotify(BasicNotifierImpl.java:424)
	at org.eclipse.emf.ecore.util.EcoreEList.dispatchNotification(EcoreEList.java:249)
	at org.eclipse.emf.common.notify.impl.NotifyingListImpl.addUnique(NotifyingListImpl.java:356)
	at org.eclipse.emf.common.util.AbstractEList.add(AbstractEList.java:340)
	at org.eclipse.e4.ui.internal.workbench.ContributionsAnalyzer.processAddition(ContributionsAnalyzer.java:448)
	at org.eclipse.e4.ui.workbench.renderers.swt.TrimBarRenderer.addTrimContributions(TrimBarRenderer.java:146)
	at org.eclipse.e4.ui.workbench.renderers.swt.TrimBarRenderer.processContents(TrimBarRenderer.java:118)
	at org.eclipse.e4.ui.internal.workbench.swt.PartRenderingEngine.safeCreateGui(PartRenderingEngine.java:673)
	at org.eclipse.e4.ui.internal.workbench.swt.PartRenderingEngine$1.run(PartRenderingEngine.java:544)
	at org.eclipse.core.runtime.SafeRunner.run(SafeRunner.java:45)
	at org.eclipse.e4.ui.internal.workbench.swt.PartRenderingEngine.createGui(PartRenderingEngine.java:528)
	at org.eclipse.e4.ui.workbench.renderers.swt.WBWRenderer.processContents(WBWRenderer.java:680)
	at org.eclipse.e4.ui.internal.workbench.swt.PartRenderingEngine.safeCreateGui(PartRenderingEngine.java:673)
	at org.eclipse.e4.ui.internal.workbench.swt.PartRenderingEngine.safeCreateGui(PartRenderingEngine.java:763)
	at org.eclipse.e4.ui.internal.workbench.swt.PartRenderingEngine$2.run(PartRenderingEngine.java:728)
	at org.eclipse.core.runtime.SafeRunner.run(SafeRunner.java:45)
	at org.eclipse.e4.ui.internal.workbench.swt.PartRenderingEngine.createGui(PartRenderingEngine.java:712)
	at org.eclipse.e4.ui.internal.workbench.swt.PartRenderingEngine$5.run(PartRenderingEngine.java:1083)
	at org.eclipse.core.databinding.observable.Realm.runWithDefault(Realm.java:338)
	at org.eclipse.e4.ui.internal.workbench.swt.PartRenderingEngine.run(PartRenderingEngine.java:1046)
	at org.eclipse.e4.ui.internal.workbench.E4Workbench.createAndRunUI(E4Workbench.java:155)
	at org.eclipse.ui.internal.Workbench.lambda$3(Workbench.java:643)
	at org.eclipse.core.databinding.observable.Realm.runWithDefault(Realm.java:338)
	at org.eclipse.ui.internal.Workbench.createAndRunWorkbench(Workbench.java:550)
	at org.eclipse.ui.PlatformUI.createAndRunWorkbench(PlatformUI.java:171)
	at org.eclipse.ui.internal.ide.application.IDEApplication.start(IDEApplication.java:152)
	at org.eclipse.equinox.internal.app.EclipseAppHandle.run(EclipseAppHandle.java:203)
	at org.eclipse.core.runtime.internal.adaptor.EclipseAppLauncher.runApplication(EclipseAppLauncher.java:136)
	at org.eclipse.core.runtime.internal.adaptor.EclipseAppLauncher.start(EclipseAppLauncher.java:104)
	at org.eclipse.core.runtime.adaptor.EclipseStarter.run(EclipseStarter.java:402)
	at org.eclipse.core.runtime.adaptor.EclipseStarter.run(EclipseStarter.java:255)
	at java.base/jdk.internal.reflect.NativeMethodAccessorImpl.invoke0(Native Method)
	at java.base/jdk.internal.reflect.NativeMethodAccessorImpl.invoke(NativeMethodAccessorImpl.java:77)
	at java.base/jdk.internal.reflect.DelegatingMethodAccessorImpl.invoke(DelegatingMethodAccessorImpl.java:43)
	at java.base/java.lang.reflect.Method.invoke(Method.java:568)
	at org.eclipse.equinox.launcher.Main.invokeFramework(Main.java:659)
	at org.eclipse.equinox.launcher.Main.basicRun(Main.java:596)
	at org.eclipse.equinox.launcher.Main.run(Main.java:1467)

!ENTRY com.infineon.aurix.buildsystem 4 0 2023-12-09 17:03:49.406
!MESSAGE ConnectException
!STACK 0
java.net.ConnectException
	at java.net.http/jdk.internal.net.http.HttpClientImpl.send(HttpClientImpl.java:573)
	at java.net.http/jdk.internal.net.http.HttpClientFacade.send(HttpClientFacade.java:123)
	at com.infineon.aurix.buildsystem.IFXNetworkUtils$1.run(IFXNetworkUtils.java:44)
	at org.eclipse.core.internal.jobs.Worker.run(Worker.java:63)
Caused by: java.net.ConnectException
	at java.net.http/jdk.internal.net.http.common.Utils.toConnectException(Utils.java:1047)
	at java.net.http/jdk.internal.net.http.PlainHttpConnection.connectAsync(PlainHttpConnection.java:198)
	at java.net.http/jdk.internal.net.http.AsyncSSLConnection.connectAsync(AsyncSSLConnection.java:56)
	at java.net.http/jdk.internal.net.http.Http1Exchange.sendHeadersAsync(Http1Exchange.java:239)
	at java.net.http/jdk.internal.net.http.Exchange.lambda$responseAsyncImpl0$9(Exchange.java:472)
	at java.net.http/jdk.internal.net.http.Exchange.checkFor407(Exchange.java:404)
	at java.net.http/jdk.internal.net.http.Exchange.lambda$responseAsyncImpl0$10(Exchange.java:476)
	at java.base/java.util.concurrent.CompletableFuture.uniHandle(CompletableFuture.java:934)
	at java.base/java.util.concurrent.CompletableFuture.uniHandleStage(CompletableFuture.java:950)
	at java.base/java.util.concurrent.CompletableFuture.handle(CompletableFuture.java:2340)
	at java.net.http/jdk.internal.net.http.Exchange.responseAsyncImpl0(Exchange.java:476)
	at java.net.http/jdk.internal.net.http.Exchange.responseAsyncImpl(Exchange.java:380)
	at java.net.http/jdk.internal.net.http.Exchange.responseAsync(Exchange.java:372)
	at java.net.http/jdk.internal.net.http.MultiExchange.responseAsyncImpl(MultiExchange.java:408)
	at java.net.http/jdk.internal.net.http.MultiExchange.lambda$responseAsyncImpl$7(MultiExchange.java:449)
	at java.base/java.util.concurrent.CompletableFuture.uniHandle(CompletableFuture.java:934)
	at java.base/java.util.concurrent.CompletableFuture.uniHandleStage(CompletableFuture.java:950)
	at java.base/java.util.concurrent.CompletableFuture.handle(CompletableFuture.java:2340)
	at java.net.http/jdk.internal.net.http.MultiExchange.responseAsyncImpl(MultiExchange.java:439)
	at java.net.http/jdk.internal.net.http.MultiExchange.lambda$responseAsync0$2(MultiExchange.java:341)
	at java.base/java.util.concurrent.CompletableFuture$UniCompose.tryFire(CompletableFuture.java:1150)
	at java.base/java.util.concurrent.CompletableFuture.postComplete(CompletableFuture.java:510)
	at java.base/java.util.concurrent.CompletableFuture$AsyncSupply.run(CompletableFuture.java:1773)
	at java.net.http/jdk.internal.net.http.HttpClientImpl$DelegatingExecutor.execute(HttpClientImpl.java:157)
	at java.base/java.util.concurrent.CompletableFuture.completeAsync(CompletableFuture.java:2673)
	at java.net.http/jdk.internal.net.http.MultiExchange.responseAsync(MultiExchange.java:294)
	at java.net.http/jdk.internal.net.http.HttpClientImpl.sendAsync(HttpClientImpl.java:654)
	at java.net.http/jdk.internal.net.http.HttpClientImpl.send(HttpClientImpl.java:552)
	... 3 more
Caused by: java.nio.channels.UnresolvedAddressException
	at java.base/sun.nio.ch.Net.checkAddress(Net.java:149)
	at java.base/sun.nio.ch.Net.checkAddress(Net.java:157)
	at java.base/sun.nio.ch.SocketChannelImpl.checkRemote(SocketChannelImpl.java:816)
	at java.base/sun.nio.ch.SocketChannelImpl.connect(SocketChannelImpl.java:839)
	at java.net.http/jdk.internal.net.http.PlainHttpConnection.lambda$connectAsync$0(PlainHttpConnection.java:183)
	at java.base/java.security.AccessController.doPrivileged(AccessController.java:569)
	at java.net.http/jdk.internal.net.http.PlainHttpConnection.connectAsync(PlainHttpConnection.java:185)
	... 29 more

!ENTRY com.infineon.aurix.buildsystem.analytics 2 0 2023-12-09 17:03:49.428
!MESSAGE Unable to initialize Analytics Service.

!ENTRY com.infineon.aurix.buildsystem.analytics 4 0 2023-12-09 17:03:49.429
!MESSAGE java.net.MalformedURLException: no protocol: 
!STACK 0
java.lang.IllegalArgumentException: java.net.MalformedURLException: no protocol: 
	at com.google.api.client.http.GenericUrl.parseURL(GenericUrl.java:679)
	at com.google.api.client.http.GenericUrl.<init>(GenericUrl.java:125)
	at com.google.api.client.http.GenericUrl.<init>(GenericUrl.java:108)
	at com.infineon.aurix.buildsystem.analytics.AnalyticsService.<init>(AnalyticsService.java:66)
	at com.infineon.aurix.buildsystem.analytics.AnalyticsService.getInstance(AnalyticsService.java:95)
	at com.infineon.aurix.buildsystem.Logger.logError(Logger.java:34)
	at com.infineon.aurix.buildsystem.IFXNetworkUtils$1.run(IFXNetworkUtils.java:47)
	at org.eclipse.core.internal.jobs.Worker.run(Worker.java:63)
Caused by: java.net.MalformedURLException: no protocol: 
	at java.base/java.net.URL.<init>(URL.java:674)
	at java.base/java.net.URL.<init>(URL.java:569)
	at java.base/java.net.URL.<init>(URL.java:516)
	at com.google.api.client.http.GenericUrl.parseURL(GenericUrl.java:677)
	... 7 more

!ENTRY com.infineon.aurix.buildsystem.remote-repo 1 0 2023-12-09 17:05:53.882
!MESSAGE Using bundled version for artifact: project-initializer:tricore-tc3xx

!ENTRY com.infineon.aurix.buildsystem 1 0 2023-12-09 17:05:56.978
!MESSAGE Processing template: C:\Users\La\AURIX-v1.9.20-workspace\KIT_A2G_TC375_LITE\Cpu0_Main.ftlc

!ENTRY com.infineon.aurix.buildsystem 1 0 2023-12-09 17:06:16.221
!MESSAGE Project index is not complete, and cannot be used for boosting.

!ENTRY com.infineon.aurix.buildsystem 1 0 2023-12-09 17:06:16.223
!MESSAGE Boosting configuration SCR Debug (SDCC) of project KIT_A2G_TC375_LITE boosted in 1 milliseconds. (full boost)

!ENTRY com.infineon.aurix.buildsystem 1 0 2023-12-09 17:06:16.224
!MESSAGE Project index is not complete, and cannot be used for boosting.

!ENTRY com.infineon.aurix.buildsystem 1 0 2023-12-09 17:06:16.227
!MESSAGE Boosting configuration TriCore Debug (TASKING) of project KIT_A2G_TC375_LITE boosted in 1 milliseconds. (full boost)

!ENTRY com.infineon.aurix.buildsystem 1 0 2023-12-09 17:06:16.572
!MESSAGE Include paths were discovered in 343 milliseconds.

!ENTRY org.eclipse.cdt.core 1 0 2023-12-09 17:07:01.634
!MESSAGE Indexed 'KIT_A2G_TC375_LITE' (182 sources, 688 headers) in 59 sec: 187 221 declarations; 267 517 references; 14 unresolved inclusions; 866 syntax errors; 5 089 unresolved names (1,1 %)

!ENTRY com.infineon.aurix.buildsystem 1 0 2023-12-09 17:16:14.433
!MESSAGE Project index is not complete, and cannot be used for boosting.

!ENTRY com.infineon.aurix.buildsystem 1 0 2023-12-09 17:16:14.434
!MESSAGE Boosting configuration SCR Debug (SDCC) of project KIT_A2G_TC375_LITE boosted in 1 milliseconds. (full boost)

!ENTRY com.infineon.aurix.buildsystem 1 0 2023-12-09 17:16:14.435
!MESSAGE Project index is not complete, and cannot be used for boosting.

!ENTRY com.infineon.aurix.buildsystem 1 0 2023-12-09 17:16:14.436
!MESSAGE Boosting configuration TriCore Debug (TASKING) of project KIT_A2G_TC375_LITE boosted in 1 milliseconds. (full boost)

!ENTRY com.infineon.aurix.buildsystem 1 0 2023-12-09 17:16:14.642
!MESSAGE Include paths were discovered in 204 milliseconds.

!ENTRY org.eclipse.cdt.core 1 0 2023-12-09 17:19:46.291
!MESSAGE Indexed 'KIT_A2G_TC375_LITE' (4 sources, 4 headers) in 0,116 sec: 343 declarations; 259 references; 2 unresolved inclusions; 208 syntax errors; 208 unresolved names (26 %)

!ENTRY com.infineon.aurix.buildsystem 1 0 2023-12-09 17:19:47.223
!MESSAGE Boosting configuration SCR Debug (SDCC) of project KIT_A2G_TC375_LITE boosted in 245 milliseconds. (full boost)

!ENTRY com.infineon.aurix.buildsystem 1 0 2023-12-09 17:19:47.284
!MESSAGE Include paths were discovered in 58 milliseconds.

!ENTRY com.infineon.aurix.buildsystem 1 0 2023-12-09 17:20:39.893
!MESSAGE Boosting configuration SCR Debug (SDCC) of project KIT_A2G_TC375_LITE boosted in 127 milliseconds. (full boost)

!ENTRY com.infineon.aurix.buildsystem 1 0 2023-12-09 17:20:39.968
!MESSAGE Include paths were discovered in 74 milliseconds.

!ENTRY com.infineon.aurix.buildsystem 1 0 2023-12-09 17:20:58.304
!MESSAGE Boosting configuration SCR Debug (SDCC) of project KIT_A2G_TC375_LITE boosted in 153 milliseconds. (full boost)

!ENTRY com.infineon.aurix.buildsystem 1 0 2023-12-09 17:20:58.371
!MESSAGE Include paths were discovered in 66 milliseconds.

!ENTRY com.infineon.aurix.buildsystem 1 0 2023-12-09 17:22:40.153
!MESSAGE Boosting configuration SCR Debug (SDCC) of project KIT_A2G_TC375_LITE boosted in 138 milliseconds. (full boost)

!ENTRY com.infineon.aurix.buildsystem 1 0 2023-12-09 17:22:40.216
!MESSAGE Include paths were discovered in 61 milliseconds.

!ENTRY com.infineon.aurix.buildsystem 1 0 2023-12-09 17:23:16.073
!MESSAGE Boosting configuration SCR Debug (SDCC) of project KIT_A2G_TC375_LITE boosted in 141 milliseconds. (full boost)

!ENTRY com.infineon.aurix.buildsystem 1 0 2023-12-09 17:23:16.117
!MESSAGE Include paths were discovered in 42 milliseconds.

!ENTRY com.infineon.aurix.buildsystem 1 0 2023-12-09 17:23:41.274
!MESSAGE Project index is not complete, and cannot be used for boosting.

!ENTRY com.infineon.aurix.buildsystem 1 0 2023-12-09 17:23:41.275
!MESSAGE Boosting configuration SCR Debug (SDCC) of project KIT_A2G_TC375_LITE boosted in 1 milliseconds. (full boost)

!ENTRY com.infineon.aurix.buildsystem 1 0 2023-12-09 17:23:41.276
!MESSAGE Project index is not complete, and cannot be used for boosting.

!ENTRY com.infineon.aurix.buildsystem 1 0 2023-12-09 17:23:41.277
!MESSAGE Boosting configuration TriCore Debug (TASKING) of project KIT_A2G_TC375_LITE boosted in 1 milliseconds. (full boost)

!ENTRY com.infineon.aurix.buildsystem 1 0 2023-12-09 17:23:41.521
!MESSAGE Include paths were discovered in 242 milliseconds.

!ENTRY org.eclipse.cdt.core 1 0 2023-12-09 17:24:15.862
!MESSAGE Indexed 'KIT_A2G_TC375_LITE' (184 sources, 693 headers) in 38,2 sec: 187 575 declarations; 267 848 references; 12 unresolved inclusions; 867 syntax errors; 5 294 unresolved names (1,1 %)

!ENTRY com.infineon.aurix.buildsystem 1 0 2023-12-09 17:31:06.661
!MESSAGE Boosting configuration SCR Debug (SDCC) of project KIT_A2G_TC375_LITE boosted in 498 milliseconds. (incremental boost)

!ENTRY com.infineon.aurix.buildsystem 1 0 2023-12-09 17:31:08.867
!MESSAGE Boosting configuration TriCore Debug (TASKING) of project KIT_A2G_TC375_LITE boosted in 2202 milliseconds. (incremental boost)

!ENTRY com.infineon.aurix.buildsystem 1 0 2023-12-09 17:31:09.009
!MESSAGE Include paths were discovered in 139 milliseconds.

!ENTRY com.infineon.aurix.buildsystem 1 0 2023-12-09 17:32:34.998
!MESSAGE Boosting configuration SCR Debug (SDCC) of project KIT_A2G_TC375_LITE boosted in 318 milliseconds. (incremental boost)

!ENTRY com.infineon.aurix.buildsystem 1 0 2023-12-09 17:32:37.084
!MESSAGE Boosting configuration TriCore Debug (TASKING) of project KIT_A2G_TC375_LITE boosted in 2082 milliseconds. (incremental boost)

!ENTRY com.infineon.aurix.buildsystem 1 0 2023-12-09 17:32:37.211
!MESSAGE Include paths were discovered in 123 milliseconds.

!ENTRY com.infineon.aurix.buildsystem 1 0 2023-12-09 17:32:43.456
!MESSAGE Project index is not complete, and cannot be used for boosting.

!ENTRY com.infineon.aurix.buildsystem 1 0 2023-12-09 17:32:43.456
!MESSAGE Boosting configuration SCR Debug (SDCC) of project KIT_A2G_TC375_LITE boosted in 0 milliseconds. (incremental boost)

!ENTRY com.infineon.aurix.buildsystem 1 0 2023-12-09 17:32:43.457
!MESSAGE Project index is not complete, and cannot be used for boosting.

!ENTRY com.infineon.aurix.buildsystem 1 0 2023-12-09 17:32:43.457
!MESSAGE Boosting configuration TriCore Debug (TASKING) of project KIT_A2G_TC375_LITE boosted in 0 milliseconds. (incremental boost)

!ENTRY com.infineon.aurix.buildsystem 1 0 2023-12-09 17:32:43.555
!MESSAGE Include paths were discovered in 96 milliseconds.

!ENTRY org.eclipse.cdt.core 1 0 2023-12-09 17:36:23.139
!MESSAGE Indexed 'KIT_A2G_TC375_LITE' (9 sources, 8 headers) in 0,063 sec: 410 declarations; 413 references; 0 unresolved inclusions; 209 syntax errors; 208 unresolved names (20 %)

!ENTRY com.infineon.aurix.buildsystem 1 0 2023-12-09 17:36:23.870
!MESSAGE Boosting configuration SCR Debug (SDCC) of project KIT_A2G_TC375_LITE boosted in 152 milliseconds. (full boost)

!ENTRY com.infineon.aurix.buildsystem 1 0 2023-12-09 17:36:23.908
!MESSAGE Include paths were discovered in 37 milliseconds.

!ENTRY com.infineon.aurix.buildsystem 1 0 2023-12-09 17:36:34.111
!MESSAGE Project index is not complete, and cannot be used for boosting.

!ENTRY com.infineon.aurix.buildsystem 1 0 2023-12-09 17:36:34.112
!MESSAGE Boosting configuration SCR Debug (SDCC) of project KIT_A2G_TC375_LITE boosted in 1 milliseconds. (full boost)

!ENTRY com.infineon.aurix.buildsystem 1 0 2023-12-09 17:36:34.113
!MESSAGE Project index is not complete, and cannot be used for boosting.

!ENTRY com.infineon.aurix.buildsystem 1 0 2023-12-09 17:36:34.114
!MESSAGE Boosting configuration TriCore Debug (TASKING) of project KIT_A2G_TC375_LITE boosted in 0 milliseconds. (full boost)

!ENTRY com.infineon.aurix.buildsystem 1 0 2023-12-09 17:36:34.277
!MESSAGE Include paths were discovered in 162 milliseconds.

!ENTRY org.eclipse.cdt.core 1 0 2023-12-09 17:37:03.361
!MESSAGE Indexed 'KIT_A2G_TC375_LITE' (87 sources, 494 headers) in 30,5 sec: 133 092 declarations; 122 930 references; 12 unresolved inclusions; 1 286 syntax errors; 5 098 unresolved names (2 %)

!ENTRY com.infineon.aurix.buildsystem 1 0 2023-12-09 17:38:05.934
!MESSAGE Boosting configuration SCR Debug (SDCC) of project KIT_A2G_TC375_LITE boosted in 320 milliseconds. (incremental boost)

!ENTRY com.infineon.aurix.buildsystem 1 0 2023-12-09 17:38:07.913
!MESSAGE Boosting configuration TriCore Debug (TASKING) of project KIT_A2G_TC375_LITE boosted in 1976 milliseconds. (incremental boost)

!ENTRY com.infineon.aurix.buildsystem 1 0 2023-12-09 17:38:08.002
!MESSAGE Include paths were discovered in 86 milliseconds.

!ENTRY org.eclipse.cdt.core 1 0 2023-12-09 17:39:49.940
!MESSAGE Indexed 'KIT_A2G_TC375_LITE' (9 sources, 8 headers) in 0,075 sec: 410 declarations; 414 references; 0 unresolved inclusions; 209 syntax errors; 208 unresolved names (20 %)

!ENTRY com.infineon.aurix.buildsystem 1 0 2023-12-09 17:39:50.606
!MESSAGE Boosting configuration SCR Debug (SDCC) of project KIT_A2G_TC375_LITE boosted in 160 milliseconds. (full boost)

!ENTRY com.infineon.aurix.buildsystem 1 0 2023-12-09 17:39:50.690
!MESSAGE Include paths were discovered in 82 milliseconds.

!ENTRY com.infineon.aurix.buildsystem 1 0 2023-12-09 17:47:21.678
!MESSAGE Boosting configuration SCR Debug (SDCC) of project KIT_A2G_TC375_LITE boosted in 111 milliseconds. (full boost)

!ENTRY com.infineon.aurix.buildsystem 1 0 2023-12-09 17:47:21.712
!MESSAGE Include paths were discovered in 32 milliseconds.

!ENTRY com.infineon.aurix.buildsystem 1 0 2023-12-09 17:52:07.772
!MESSAGE Boosting configuration SCR Debug (SDCC) of project KIT_A2G_TC375_LITE boosted in 109 milliseconds. (full boost)

!ENTRY com.infineon.aurix.buildsystem 1 0 2023-12-09 17:52:07.810
!MESSAGE Include paths were discovered in 37 milliseconds.

!ENTRY com.infineon.aurix.buildsystem 1 0 2023-12-09 17:53:03.651
!MESSAGE Boosting configuration SCR Debug (SDCC) of project KIT_A2G_TC375_LITE boosted in 132 milliseconds. (full boost)

!ENTRY com.infineon.aurix.buildsystem 1 0 2023-12-09 17:53:03.687
!MESSAGE Include paths were discovered in 35 milliseconds.

!ENTRY com.infineon.aurix.buildsystem 1 0 2023-12-09 17:53:31.165
!MESSAGE Boosting configuration SCR Debug (SDCC) of project KIT_A2G_TC375_LITE boosted in 102 milliseconds. (full boost)

!ENTRY com.infineon.aurix.buildsystem 1 0 2023-12-09 17:53:31.209
!MESSAGE Include paths were discovered in 43 milliseconds.

!ENTRY com.infineon.aurix.buildsystem 1 0 2023-12-09 17:53:52.699
!MESSAGE Boosting configuration SCR Debug (SDCC) of project KIT_A2G_TC375_LITE boosted in 127 milliseconds. (full boost)

!ENTRY com.infineon.aurix.buildsystem 1 0 2023-12-09 17:53:52.735
!MESSAGE Include paths were discovered in 35 milliseconds.

!ENTRY com.infineon.aurix.buildsystem 1 0 2023-12-09 17:54:48.807
!MESSAGE Boosting configuration SCR Debug (SDCC) of project KIT_A2G_TC375_LITE boosted in 126 milliseconds. (full boost)

!ENTRY com.infineon.aurix.buildsystem 1 0 2023-12-09 17:54:48.841
!MESSAGE Include paths were discovered in 32 milliseconds.

!ENTRY com.infineon.aurix.buildsystem 1 0 2023-12-09 17:55:01.171
!MESSAGE Project index is not complete, and cannot be used for boosting.

!ENTRY com.infineon.aurix.buildsystem 1 0 2023-12-09 17:55:01.172
!MESSAGE Boosting configuration SCR Debug (SDCC) of project KIT_A2G_TC375_LITE boosted in 0 milliseconds. (full boost)

!ENTRY com.infineon.aurix.buildsystem 1 0 2023-12-09 17:55:01.173
!MESSAGE Project index is not complete, and cannot be used for boosting.

!ENTRY com.infineon.aurix.buildsystem 1 0 2023-12-09 17:55:01.173
!MESSAGE Boosting configuration TriCore Debug (TASKING) of project KIT_A2G_TC375_LITE boosted in 0 milliseconds. (full boost)

!ENTRY com.infineon.aurix.buildsystem 1 0 2023-12-09 17:55:01.278
!MESSAGE Include paths were discovered in 103 milliseconds.

!ENTRY org.eclipse.cdt.core 1 0 2023-12-09 17:55:56.052
!MESSAGE Indexed 'KIT_A2G_TC375_LITE' (88 sources, 488 headers) in 56,3 sec: 133 215 declarations; 123 118 references; 12 unresolved inclusions; 860 syntax errors; 5 294 unresolved names (2 %)

!ENTRY com.infineon.aurix.buildsystem 1 0 2023-12-09 17:56:04.034
!MESSAGE Boosting configuration SCR Debug (SDCC) of project KIT_A2G_TC375_LITE boosted in 457 milliseconds. (incremental boost)

!ENTRY com.infineon.aurix.buildsystem 1 0 2023-12-09 17:56:06.882
!MESSAGE Boosting configuration TriCore Debug (TASKING) of project KIT_A2G_TC375_LITE boosted in 2844 milliseconds. (incremental boost)

!ENTRY com.infineon.aurix.buildsystem 1 0 2023-12-09 17:56:07.045
!MESSAGE Include paths were discovered in 161 milliseconds.

!ENTRY org.eclipse.cdt.core 1 0 2023-12-09 17:56:58.740
!MESSAGE Indexed 'KIT_A2G_TC375_LITE' (9 sources, 8 headers) in 0,107 sec: 414 declarations; 421 references; 0 unresolved inclusions; 209 syntax errors; 208 unresolved names (20 %)

!ENTRY com.infineon.aurix.buildsystem 1 0 2023-12-09 17:56:59.754
!MESSAGE Boosting configuration SCR Debug (SDCC) of project KIT_A2G_TC375_LITE boosted in 177 milliseconds. (full boost)

!ENTRY com.infineon.aurix.buildsystem 1 0 2023-12-09 17:56:59.815
!MESSAGE Include paths were discovered in 60 milliseconds.

!ENTRY com.infineon.aurix.buildsystem 1 0 2023-12-09 17:57:08.690
!MESSAGE Boosting configuration SCR Debug (SDCC) of project KIT_A2G_TC375_LITE boosted in 233 milliseconds. (incremental boost)

!ENTRY com.infineon.aurix.buildsystem 1 0 2023-12-09 17:57:08.743
!MESSAGE Include paths were discovered in 51 milliseconds.

!ENTRY com.infineon.aurix.buildsystem 1 0 2023-12-09 17:57:19.963
!MESSAGE Project index is not complete, and cannot be used for boosting.

!ENTRY com.infineon.aurix.buildsystem 1 0 2023-12-09 17:57:19.963
!MESSAGE Boosting configuration SCR Debug (SDCC) of project KIT_A2G_TC375_LITE boosted in 0 milliseconds. (full boost)

!ENTRY com.infineon.aurix.buildsystem 1 0 2023-12-09 17:57:19.965
!MESSAGE Project index is not complete, and cannot be used for boosting.

!ENTRY com.infineon.aurix.buildsystem 1 0 2023-12-09 17:57:19.966
!MESSAGE Boosting configuration TriCore Debug (TASKING) of project KIT_A2G_TC375_LITE boosted in 1 milliseconds. (full boost)

!ENTRY com.infineon.aurix.buildsystem 1 0 2023-12-09 17:57:20.279
!MESSAGE Include paths were discovered in 311 milliseconds.

!ENTRY org.eclipse.cdt.core 1 0 2023-12-09 17:58:00.980
!MESSAGE Indexed 'KIT_A2G_TC375_LITE' (87 sources, 484 headers) in 42,9 sec: 132 948 declarations; 122 900 references; 12 unresolved inclusions; 860 syntax errors; 5 086 unresolved names (1,9 %)

!ENTRY org.eclipse.cdt.core 1 0 2023-12-09 17:58:39.078
!MESSAGE Indexed 'KIT_A2G_TC375_LITE' (9 sources, 8 headers) in 0,091 sec: 414 declarations; 420 references; 0 unresolved inclusions; 209 syntax errors; 208 unresolved names (20 %)

!ENTRY com.infineon.aurix.buildsystem 1 0 2023-12-09 17:58:40.251
!MESSAGE Boosting configuration SCR Debug (SDCC) of project KIT_A2G_TC375_LITE boosted in 253 milliseconds. (full boost)

!ENTRY com.infineon.aurix.buildsystem 1 0 2023-12-09 17:58:40.323
!MESSAGE Include paths were discovered in 68 milliseconds.

!ENTRY com.infineon.aurix.buildsystem 1 0 2023-12-09 17:59:30.282
!MESSAGE Project index is not complete, and cannot be used for boosting.

!ENTRY com.infineon.aurix.buildsystem 1 0 2023-12-09 17:59:30.283
!MESSAGE Boosting configuration SCR Debug (SDCC) of project KIT_A2G_TC375_LITE boosted in 0 milliseconds. (full boost)

!ENTRY com.infineon.aurix.buildsystem 1 0 2023-12-09 17:59:30.284
!MESSAGE Project index is not complete, and cannot be used for boosting.

!ENTRY com.infineon.aurix.buildsystem 1 0 2023-12-09 17:59:30.285
!MESSAGE Boosting configuration TriCore Debug (TASKING) of project KIT_A2G_TC375_LITE boosted in 0 milliseconds. (full boost)

!ENTRY com.infineon.aurix.buildsystem 1 0 2023-12-09 17:59:30.573
!MESSAGE Include paths were discovered in 286 milliseconds.

!ENTRY org.eclipse.cdt.core 1 0 2023-12-09 18:00:07.796
!MESSAGE Indexed 'KIT_A2G_TC375_LITE' (87 sources, 494 headers) in 39,2 sec: 133 066 declarations; 122 908 references; 12 unresolved inclusions; 1 276 syntax errors; 5 098 unresolved names (2 %)

!ENTRY com.infineon.aurix.buildsystem 1 0 2023-12-09 18:00:19.718
!MESSAGE Boosting configuration SCR Debug (SDCC) of project KIT_A2G_TC375_LITE boosted in 403 milliseconds. (incremental boost)

!ENTRY com.infineon.aurix.buildsystem 1 0 2023-12-09 18:00:21.913
!MESSAGE Boosting configuration TriCore Debug (TASKING) of project KIT_A2G_TC375_LITE boosted in 2193 milliseconds. (incremental boost)

!ENTRY com.infineon.aurix.buildsystem 1 0 2023-12-09 18:00:22.029
!MESSAGE Include paths were discovered in 113 milliseconds.

!ENTRY org.eclipse.cdt.core 1 0 2023-12-09 18:19:02.925
!MESSAGE Indexed 'KIT_A2G_TC375_LITE' (9 sources, 8 headers) in 0,056 sec: 414 declarations; 422 references; 0 unresolved inclusions; 209 syntax errors; 208 unresolved names (20 %)

!ENTRY com.infineon.aurix.buildsystem 1 0 2023-12-09 18:19:03.646
!MESSAGE Boosting configuration SCR Debug (SDCC) of project KIT_A2G_TC375_LITE boosted in 155 milliseconds. (full boost)

!ENTRY com.infineon.aurix.buildsystem 1 0 2023-12-09 18:19:03.682
!MESSAGE Include paths were discovered in 34 milliseconds.

!ENTRY com.infineon.aurix.buildsystem 1 0 2023-12-09 18:19:12.037
!MESSAGE Project index is not complete, and cannot be used for boosting.

!ENTRY com.infineon.aurix.buildsystem 1 0 2023-12-09 18:19:12.038
!MESSAGE Boosting configuration SCR Debug (SDCC) of project KIT_A2G_TC375_LITE boosted in 1 milliseconds. (full boost)

!ENTRY com.infineon.aurix.buildsystem 1 0 2023-12-09 18:19:12.038
!MESSAGE Project index is not complete, and cannot be used for boosting.

!ENTRY com.infineon.aurix.buildsystem 1 0 2023-12-09 18:19:12.039
!MESSAGE Boosting configuration TriCore Debug (TASKING) of project KIT_A2G_TC375_LITE boosted in 0 milliseconds. (full boost)

!ENTRY com.infineon.aurix.buildsystem 1 0 2023-12-09 18:19:12.256
!MESSAGE Include paths were discovered in 216 milliseconds.

!ENTRY org.eclipse.cdt.core 1 0 2023-12-09 18:19:43.739
!MESSAGE Indexed 'KIT_A2G_TC375_LITE' (87 sources, 494 headers) in 32,7 sec: 133 066 declarations; 122 908 references; 12 unresolved inclusions; 1 276 syntax errors; 5 102 unresolved names (2 %)

!ENTRY com.infineon.aurix.buildsystem 1 0 2023-12-09 18:19:51.896
!MESSAGE Boosting configuration SCR Debug (SDCC) of project KIT_A2G_TC375_LITE boosted in 282 milliseconds. (incremental boost)

!ENTRY com.infineon.aurix.buildsystem 1 0 2023-12-09 18:19:53.853
!MESSAGE Boosting configuration TriCore Debug (TASKING) of project KIT_A2G_TC375_LITE boosted in 1955 milliseconds. (incremental boost)

!ENTRY com.infineon.aurix.buildsystem 1 0 2023-12-09 18:19:53.941
!MESSAGE Include paths were discovered in 85 milliseconds.

!ENTRY org.eclipse.cdt.core 1 0 2023-12-09 19:22:15.979
!MESSAGE Indexed 'KIT_A2G_TC375_LITE' (9 sources, 8 headers) in 0,225 sec: 414 declarations; 423 references; 0 unresolved inclusions; 209 syntax errors; 208 unresolved names (20 %)

!ENTRY com.infineon.aurix.buildsystem 1 0 2023-12-09 19:22:17.302
!MESSAGE Boosting configuration SCR Debug (SDCC) of project KIT_A2G_TC375_LITE boosted in 138 milliseconds. (full boost)

!ENTRY com.infineon.aurix.buildsystem 1 0 2023-12-09 19:22:17.331
!MESSAGE Include paths were discovered in 27 milliseconds.

!ENTRY com.infineon.aurix.buildsystem 1 0 2023-12-09 19:22:28.103
!MESSAGE Project index is not complete, and cannot be used for boosting.

!ENTRY com.infineon.aurix.buildsystem 1 0 2023-12-09 19:22:28.104
!MESSAGE Boosting configuration SCR Debug (SDCC) of project KIT_A2G_TC375_LITE boosted in 0 milliseconds. (full boost)

!ENTRY com.infineon.aurix.buildsystem 1 0 2023-12-09 19:22:28.104
!MESSAGE Project index is not complete, and cannot be used for boosting.

!ENTRY com.infineon.aurix.buildsystem 1 0 2023-12-09 19:22:28.105
!MESSAGE Boosting configuration TriCore Debug (TASKING) of project KIT_A2G_TC375_LITE boosted in 0 milliseconds. (full boost)

!ENTRY com.infineon.aurix.buildsystem 1 0 2023-12-09 19:22:28.200
!MESSAGE Include paths were discovered in 93 milliseconds.

!ENTRY org.eclipse.cdt.core 1 0 2023-12-09 19:22:58.489
!MESSAGE Indexed 'KIT_A2G_TC375_LITE' (87 sources, 494 headers) in 31,5 sec: 133 096 declarations; 122 932 references; 12 unresolved inclusions; 1 286 syntax errors; 5 100 unresolved names (2 %)

!ENTRY com.infineon.aurix.buildsystem 1 0 2023-12-09 19:23:09.261
!MESSAGE Boosting configuration SCR Debug (SDCC) of project KIT_A2G_TC375_LITE boosted in 308 milliseconds. (incremental boost)

!ENTRY com.infineon.aurix.buildsystem 1 0 2023-12-09 19:23:11.151
!MESSAGE Boosting configuration TriCore Debug (TASKING) of project KIT_A2G_TC375_LITE boosted in 1888 milliseconds. (incremental boost)

!ENTRY com.infineon.aurix.buildsystem 1 0 2023-12-09 19:23:11.228
!MESSAGE Include paths were discovered in 76 milliseconds.

!ENTRY com.infineon.aurix.buildsystem 1 0 2023-12-09 19:23:26.922
!MESSAGE Boosting configuration SCR Debug (SDCC) of project KIT_A2G_TC375_LITE boosted in 200 milliseconds. (incremental boost)

!ENTRY com.infineon.aurix.buildsystem 1 0 2023-12-09 19:23:28.750
!MESSAGE Boosting configuration TriCore Debug (TASKING) of project KIT_A2G_TC375_LITE boosted in 1827 milliseconds. (incremental boost)

!ENTRY com.infineon.aurix.buildsystem 1 0 2023-12-09 19:23:28.843
!MESSAGE Include paths were discovered in 92 milliseconds.

!ENTRY com.infineon.aurix.buildsystem 1 0 2023-12-09 19:23:34.573
!MESSAGE Project index is not complete, and cannot be used for boosting.

!ENTRY com.infineon.aurix.buildsystem 1 0 2023-12-09 19:23:34.574
!MESSAGE Boosting configuration SCR Debug (SDCC) of project KIT_A2G_TC375_LITE boosted in 0 milliseconds. (incremental boost)

!ENTRY com.infineon.aurix.buildsystem 1 0 2023-12-09 19:23:34.574
!MESSAGE Project index is not complete, and cannot be used for boosting.

!ENTRY com.infineon.aurix.buildsystem 1 0 2023-12-09 19:23:34.575
!MESSAGE Boosting configuration TriCore Debug (TASKING) of project KIT_A2G_TC375_LITE boosted in 0 milliseconds. (incremental boost)

!ENTRY com.infineon.aurix.buildsystem 1 0 2023-12-09 19:23:34.647
!MESSAGE Include paths were discovered in 71 milliseconds.

!ENTRY org.eclipse.cdt.core 1 0 2023-12-09 19:39:07.151
!MESSAGE Indexed 'KIT_A2G_TC375_LITE' (9 sources, 8 headers) in 0,046 sec: 418 declarations; 424 references; 0 unresolved inclusions; 209 syntax errors; 208 unresolved names (20 %)

!ENTRY com.infineon.aurix.buildsystem 1 0 2023-12-09 19:39:07.822
!MESSAGE Boosting configuration SCR Debug (SDCC) of project KIT_A2G_TC375_LITE boosted in 144 milliseconds. (full boost)

!ENTRY com.infineon.aurix.buildsystem 1 0 2023-12-09 19:39:07.855
!MESSAGE Include paths were discovered in 32 milliseconds.

!ENTRY com.infineon.aurix.buildsystem 1 0 2023-12-09 21:26:51.602
!MESSAGE Boosting configuration SCR Debug (SDCC) of project KIT_A2G_TC375_LITE boosted in 133 milliseconds. (full boost)

!ENTRY com.infineon.aurix.buildsystem 1 0 2023-12-09 21:26:51.635
!MESSAGE Include paths were discovered in 31 milliseconds.

!ENTRY com.infineon.aurix.buildsystem 1 0 2023-12-09 21:39:07.508
!MESSAGE Boosting configuration SCR Debug (SDCC) of project KIT_A2G_TC375_LITE boosted in 120 milliseconds. (full boost)

!ENTRY com.infineon.aurix.buildsystem 1 0 2023-12-09 21:39:07.541
!MESSAGE Include paths were discovered in 32 milliseconds.

!ENTRY com.infineon.aurix.buildsystem 1 0 2023-12-09 21:42:30.172
!MESSAGE Boosting configuration SCR Debug (SDCC) of project KIT_A2G_TC375_LITE boosted in 93 milliseconds. (full boost)

!ENTRY com.infineon.aurix.buildsystem 1 0 2023-12-09 21:42:30.198
!MESSAGE Include paths were discovered in 25 milliseconds.

!ENTRY com.infineon.aurix.buildsystem 1 0 2023-12-09 21:43:23.772
!MESSAGE Boosting configuration SCR Debug (SDCC) of project KIT_A2G_TC375_LITE boosted in 121 milliseconds. (full boost)

!ENTRY com.infineon.aurix.buildsystem 1 0 2023-12-09 21:43:23.804
!MESSAGE Include paths were discovered in 29 milliseconds.

!ENTRY com.infineon.aurix.buildsystem 1 0 2023-12-09 21:47:05.581
!MESSAGE Boosting configuration SCR Debug (SDCC) of project KIT_A2G_TC375_LITE boosted in 119 milliseconds. (full boost)

!ENTRY com.infineon.aurix.buildsystem 1 0 2023-12-09 21:47:05.608
!MESSAGE Include paths were discovered in 26 milliseconds.

!ENTRY com.infineon.aurix.buildsystem 1 0 2023-12-09 21:47:41.752
!MESSAGE Boosting configuration SCR Debug (SDCC) of project KIT_A2G_TC375_LITE boosted in 124 milliseconds. (full boost)

!ENTRY com.infineon.aurix.buildsystem 1 0 2023-12-09 21:47:41.781
!MESSAGE Include paths were discovered in 27 milliseconds.

!ENTRY com.infineon.aurix.buildsystem 1 0 2023-12-09 21:47:48.561
!MESSAGE Project index is not complete, and cannot be used for boosting.

!ENTRY com.infineon.aurix.buildsystem 1 0 2023-12-09 21:47:48.562
!MESSAGE Boosting configuration SCR Debug (SDCC) of project KIT_A2G_TC375_LITE boosted in 0 milliseconds. (full boost)

!ENTRY com.infineon.aurix.buildsystem 1 0 2023-12-09 21:47:48.562
!MESSAGE Project index is not complete, and cannot be used for boosting.

!ENTRY com.infineon.aurix.buildsystem 1 0 2023-12-09 21:47:48.563
!MESSAGE Boosting configuration TriCore Debug (TASKING) of project KIT_A2G_TC375_LITE boosted in 0 milliseconds. (full boost)

!ENTRY com.infineon.aurix.buildsystem 1 0 2023-12-09 21:47:48.658
!MESSAGE Include paths were discovered in 94 milliseconds.

!ENTRY org.eclipse.cdt.core 1 0 2023-12-09 21:49:00.810
!MESSAGE Indexed 'KIT_A2G_TC375_LITE' (88 sources, 488 headers) in 73,3 sec: 133 236 declarations; 123 147 references; 12 unresolved inclusions; 861 syntax errors; 5 294 unresolved names (2 %)

!ENTRY com.infineon.aurix.buildsystem 1 0 2023-12-09 21:49:24.459
!MESSAGE Boosting configuration SCR Debug (SDCC) of project KIT_A2G_TC375_LITE boosted in 403 milliseconds. (incremental boost)

!ENTRY com.infineon.aurix.buildsystem 1 0 2023-12-09 21:49:26.846
!MESSAGE Boosting configuration TriCore Debug (TASKING) of project KIT_A2G_TC375_LITE boosted in 2384 milliseconds. (incremental boost)

!ENTRY com.infineon.aurix.buildsystem 1 0 2023-12-09 21:49:26.915
!MESSAGE Include paths were discovered in 67 milliseconds.

!ENTRY com.infineon.aurix.buildsystem 1 0 2023-12-09 21:53:07.723
!MESSAGE Project index is not complete, and cannot be used for boosting.

!ENTRY com.infineon.aurix.buildsystem 1 0 2023-12-09 21:53:07.724
!MESSAGE Boosting configuration SCR Debug (SDCC) of project KIT_A2G_TC375_LITE boosted in 2 milliseconds. (full boost)

!ENTRY com.infineon.aurix.buildsystem 1 0 2023-12-09 21:53:09.804
!MESSAGE Boosting configuration TriCore Debug (TASKING) of project KIT_A2G_TC375_LITE boosted in 2077 milliseconds. (full boost)

!ENTRY com.infineon.aurix.buildsystem 1 0 2023-12-09 21:53:09.878
!MESSAGE Include paths were discovered in 73 milliseconds.

!ENTRY com.infineon.aurix.buildsystem 1 0 2023-12-09 21:53:42.811
!MESSAGE Boosting configuration SCR Debug (SDCC) of project KIT_A2G_TC375_LITE boosted in 291 milliseconds. (incremental boost)

!ENTRY com.infineon.aurix.buildsystem 1 0 2023-12-09 21:53:44.861
!MESSAGE Boosting configuration TriCore Debug (TASKING) of project KIT_A2G_TC375_LITE boosted in 2048 milliseconds. (incremental boost)

!ENTRY com.infineon.aurix.buildsystem 1 0 2023-12-09 21:53:44.934
!MESSAGE Include paths were discovered in 71 milliseconds.

!ENTRY com.infineon.aurix.buildsystem 1 0 2023-12-09 21:54:11.177
!MESSAGE Boosting configuration SCR Debug (SDCC) of project KIT_A2G_TC375_LITE boosted in 249 milliseconds. (incremental boost)

!ENTRY com.infineon.aurix.buildsystem 1 0 2023-12-09 21:54:13.092
!MESSAGE Boosting configuration TriCore Debug (TASKING) of project KIT_A2G_TC375_LITE boosted in 1913 milliseconds. (incremental boost)

!ENTRY com.infineon.aurix.buildsystem 1 0 2023-12-09 21:54:13.255
!MESSAGE Include paths were discovered in 161 milliseconds.

!ENTRY org.eclipse.cdt.core 1 0 2023-12-09 21:58:24.275
!MESSAGE Indexed 'KIT_A2G_TC375_LITE' (11 sources, 8 headers) in 0,063 sec: 427 declarations; 427 references; 0 unresolved inclusions; 209 syntax errors; 208 unresolved names (20 %)

!ENTRY com.infineon.aurix.buildsystem 1 0 2023-12-09 21:58:24.789
!MESSAGE Boosting configuration SCR Debug (SDCC) of project KIT_A2G_TC375_LITE boosted in 101 milliseconds. (full boost)

!ENTRY com.infineon.aurix.buildsystem 1 0 2023-12-09 21:58:24.825
!MESSAGE Include paths were discovered in 35 milliseconds.

!ENTRY com.infineon.aurix.buildsystem 1 0 2023-12-09 21:58:31.603
!MESSAGE Project index is not complete, and cannot be used for boosting.

!ENTRY com.infineon.aurix.buildsystem 1 0 2023-12-09 21:58:31.603
!MESSAGE Boosting configuration SCR Debug (SDCC) of project KIT_A2G_TC375_LITE boosted in 0 milliseconds. (full boost)

!ENTRY com.infineon.aurix.buildsystem 1 0 2023-12-09 21:58:31.604
!MESSAGE Project index is not complete, and cannot be used for boosting.

!ENTRY com.infineon.aurix.buildsystem 1 0 2023-12-09 21:58:31.604
!MESSAGE Boosting configuration TriCore Debug (TASKING) of project KIT_A2G_TC375_LITE boosted in 0 milliseconds. (full boost)

!ENTRY com.infineon.aurix.buildsystem 1 0 2023-12-09 21:58:31.749
!MESSAGE Include paths were discovered in 144 milliseconds.

!ENTRY org.eclipse.cdt.core 1 0 2023-12-09 21:59:02.426
!MESSAGE Indexed 'KIT_A2G_TC375_LITE' (87 sources, 494 headers) in 31,7 sec: 133 106 declarations; 122 942 references; 12 unresolved inclusions; 1 286 syntax errors; 5 104 unresolved names (2 %)

!ENTRY com.infineon.aurix.buildsystem 1 0 2023-12-09 21:59:08.217
!MESSAGE Boosting configuration SCR Debug (SDCC) of project KIT_A2G_TC375_LITE boosted in 316 milliseconds. (incremental boost)

!ENTRY com.infineon.aurix.buildsystem 1 0 2023-12-09 21:59:10.363
!MESSAGE Boosting configuration TriCore Debug (TASKING) of project KIT_A2G_TC375_LITE boosted in 2144 milliseconds. (incremental boost)

!ENTRY com.infineon.aurix.buildsystem 1 0 2023-12-09 21:59:10.441
!MESSAGE Include paths were discovered in 76 milliseconds.

!ENTRY com.infineon.aurix.buildsystem 1 0 2023-12-09 21:59:29.003
!MESSAGE Boosting configuration SCR Debug (SDCC) of project KIT_A2G_TC375_LITE boosted in 213 milliseconds. (incremental boost)

!ENTRY com.infineon.aurix.buildsystem 1 0 2023-12-09 21:59:30.938
!MESSAGE Boosting configuration TriCore Debug (TASKING) of project KIT_A2G_TC375_LITE boosted in 1934 milliseconds. (incremental boost)

!ENTRY com.infineon.aurix.buildsystem 1 0 2023-12-09 21:59:31.025
!MESSAGE Include paths were discovered in 85 milliseconds.

!ENTRY org.eclipse.cdt.core 1 0 2023-12-09 22:00:58.463
!MESSAGE Indexed 'KIT_A2G_TC375_LITE' (11 sources, 8 headers) in 0,07 sec: 427 declarations; 433 references; 0 unresolved inclusions; 209 syntax errors; 208 unresolved names (19 %)

!ENTRY com.infineon.aurix.buildsystem 1 0 2023-12-09 22:00:59.191
!MESSAGE Boosting configuration SCR Debug (SDCC) of project KIT_A2G_TC375_LITE boosted in 169 milliseconds. (full boost)

!ENTRY com.infineon.aurix.buildsystem 1 0 2023-12-09 22:00:59.227
!MESSAGE Include paths were discovered in 35 milliseconds.

!ENTRY com.infineon.aurix.buildsystem 1 0 2023-12-09 22:01:07.151
!MESSAGE Project index is not complete, and cannot be used for boosting.

!ENTRY com.infineon.aurix.buildsystem 1 0 2023-12-09 22:01:07.153
!MESSAGE Boosting configuration SCR Debug (SDCC) of project KIT_A2G_TC375_LITE boosted in 1 milliseconds. (full boost)

!ENTRY com.infineon.aurix.buildsystem 1 0 2023-12-09 22:01:07.154
!MESSAGE Project index is not complete, and cannot be used for boosting.

!ENTRY com.infineon.aurix.buildsystem 1 0 2023-12-09 22:01:07.155
!MESSAGE Boosting configuration TriCore Debug (TASKING) of project KIT_A2G_TC375_LITE boosted in 1 milliseconds. (full boost)

!ENTRY com.infineon.aurix.buildsystem 1 0 2023-12-09 22:01:07.326
!MESSAGE Include paths were discovered in 171 milliseconds.

!ENTRY org.eclipse.cdt.core 1 0 2023-12-09 22:02:11.879
!MESSAGE Indexed 'KIT_A2G_TC375_LITE' (87 sources, 494 headers) in 65,8 sec: 133 106 declarations; 122 950 references; 12 unresolved inclusions; 1 286 syntax errors; 5 108 unresolved names (2 %)

!ENTRY com.infineon.aurix.buildsystem 1 0 2023-12-09 22:02:15.701
!MESSAGE Boosting configuration SCR Debug (SDCC) of project KIT_A2G_TC375_LITE boosted in 316 milliseconds. (incremental boost)

!ENTRY com.infineon.aurix.buildsystem 1 0 2023-12-09 22:02:17.684
!MESSAGE Boosting configuration TriCore Debug (TASKING) of project KIT_A2G_TC375_LITE boosted in 1981 milliseconds. (incremental boost)

!ENTRY com.infineon.aurix.buildsystem 1 0 2023-12-09 22:02:17.788
!MESSAGE Include paths were discovered in 101 milliseconds.

!ENTRY org.eclipse.cdt.core 1 0 2023-12-09 23:00:42.669
!MESSAGE Indexed 'KIT_A2G_TC375_LITE' (11 sources, 8 headers) in 0,057 sec: 431 declarations; 425 references; 0 unresolved inclusions; 209 syntax errors; 208 unresolved names (20 %)

!ENTRY com.infineon.aurix.buildsystem 1 0 2023-12-09 23:00:43.362
!MESSAGE Boosting configuration SCR Debug (SDCC) of project KIT_A2G_TC375_LITE boosted in 118 milliseconds. (full boost)

!ENTRY com.infineon.aurix.buildsystem 1 0 2023-12-09 23:00:43.390
!MESSAGE Include paths were discovered in 26 milliseconds.

!ENTRY com.infineon.aurix.buildsystem 1 0 2023-12-09 23:00:50.913
!MESSAGE Project index is not complete, and cannot be used for boosting.

!ENTRY com.infineon.aurix.buildsystem 1 0 2023-12-09 23:00:50.914
!MESSAGE Boosting configuration SCR Debug (SDCC) of project KIT_A2G_TC375_LITE boosted in 1 milliseconds. (full boost)

!ENTRY com.infineon.aurix.buildsystem 1 0 2023-12-09 23:00:50.915
!MESSAGE Project index is not complete, and cannot be used for boosting.

!ENTRY com.infineon.aurix.buildsystem 1 0 2023-12-09 23:00:50.915
!MESSAGE Boosting configuration TriCore Debug (TASKING) of project KIT_A2G_TC375_LITE boosted in 0 milliseconds. (full boost)

!ENTRY com.infineon.aurix.buildsystem 1 0 2023-12-09 23:00:51.024
!MESSAGE Include paths were discovered in 106 milliseconds.

!ENTRY org.eclipse.cdt.core 1 0 2023-12-09 23:01:23.580
!MESSAGE Indexed 'KIT_A2G_TC375_LITE' (87 sources, 484 headers) in 33,6 sec: 132 948 declarations; 122 902 references; 12 unresolved inclusions; 860 syntax errors; 5 086 unresolved names (1,9 %)

!ENTRY com.infineon.aurix.buildsystem 1 0 2023-12-09 23:02:01.541
!MESSAGE Boosting configuration SCR Debug (SDCC) of project KIT_A2G_TC375_LITE boosted in 364 milliseconds. (incremental boost)

!ENTRY com.infineon.aurix.buildsystem 1 0 2023-12-09 23:02:03.529
!MESSAGE Boosting configuration TriCore Debug (TASKING) of project KIT_A2G_TC375_LITE boosted in 1986 milliseconds. (incremental boost)

!ENTRY com.infineon.aurix.buildsystem 1 0 2023-12-09 23:02:03.606
!MESSAGE Include paths were discovered in 76 milliseconds.

!ENTRY org.eclipse.cdt.core 1 0 2023-12-09 23:04:50.805
!MESSAGE Indexed 'KIT_A2G_TC375_LITE' (12 sources, 8 headers) in 0,059 sec: 433 declarations; 429 references; 0 unresolved inclusions; 209 syntax errors; 208 unresolved names (19 %)

!ENTRY com.infineon.aurix.buildsystem 1 0 2023-12-09 23:04:51.452
!MESSAGE Boosting configuration SCR Debug (SDCC) of project KIT_A2G_TC375_LITE boosted in 148 milliseconds. (full boost)

!ENTRY com.infineon.aurix.buildsystem 1 0 2023-12-09 23:04:51.484
!MESSAGE Include paths were discovered in 30 milliseconds.

!ENTRY com.infineon.aurix.buildsystem 1 0 2023-12-09 23:04:58.358
!MESSAGE Project index is not complete, and cannot be used for boosting.

!ENTRY com.infineon.aurix.buildsystem 1 0 2023-12-09 23:04:58.358
!MESSAGE Boosting configuration SCR Debug (SDCC) of project KIT_A2G_TC375_LITE boosted in 0 milliseconds. (full boost)

!ENTRY com.infineon.aurix.buildsystem 1 0 2023-12-09 23:04:58.359
!MESSAGE Project index is not complete, and cannot be used for boosting.

!ENTRY com.infineon.aurix.buildsystem 1 0 2023-12-09 23:04:58.359
!MESSAGE Boosting configuration TriCore Debug (TASKING) of project KIT_A2G_TC375_LITE boosted in 0 milliseconds. (full boost)

!ENTRY com.infineon.aurix.buildsystem 1 0 2023-12-09 23:04:58.456
!MESSAGE Include paths were discovered in 96 milliseconds.

!ENTRY org.eclipse.cdt.core 1 0 2023-12-09 23:05:28.489
!MESSAGE Indexed 'KIT_A2G_TC375_LITE' (87 sources, 494 headers) in 30,9 sec: 133 110 declarations; 122 940 references; 12 unresolved inclusions; 1 286 syntax errors; 5 100 unresolved names (2 %)

!ENTRY com.infineon.aurix.buildsystem 1 0 2023-12-09 23:05:38.456
!MESSAGE Boosting configuration SCR Debug (SDCC) of project KIT_A2G_TC375_LITE boosted in 298 milliseconds. (incremental boost)

!ENTRY com.infineon.aurix.buildsystem 1 0 2023-12-09 23:05:40.415
!MESSAGE Boosting configuration TriCore Debug (TASKING) of project KIT_A2G_TC375_LITE boosted in 1957 milliseconds. (incremental boost)

!ENTRY com.infineon.aurix.buildsystem 1 0 2023-12-09 23:05:40.490
!MESSAGE Include paths were discovered in 72 milliseconds.

!ENTRY org.eclipse.cdt.core 1 0 2023-12-09 23:06:30.403
!MESSAGE Indexed 'KIT_A2G_TC375_LITE' (12 sources, 8 headers) in 0,064 sec: 433 declarations; 430 references; 0 unresolved inclusions; 209 syntax errors; 208 unresolved names (19 %)

!ENTRY com.infineon.aurix.buildsystem 1 0 2023-12-09 23:06:30.965
!MESSAGE Boosting configuration SCR Debug (SDCC) of project KIT_A2G_TC375_LITE boosted in 96 milliseconds. (full boost)

!ENTRY com.infineon.aurix.buildsystem 1 0 2023-12-09 23:06:30.990
!MESSAGE Include paths were discovered in 24 milliseconds.

!ENTRY com.infineon.aurix.buildsystem 1 0 2023-12-09 23:06:37.301
!MESSAGE Project index is not complete, and cannot be used for boosting.

!ENTRY com.infineon.aurix.buildsystem 1 0 2023-12-09 23:06:37.301
!MESSAGE Boosting configuration SCR Debug (SDCC) of project KIT_A2G_TC375_LITE boosted in 0 milliseconds. (full boost)

!ENTRY com.infineon.aurix.buildsystem 1 0 2023-12-09 23:06:37.302
!MESSAGE Project index is not complete, and cannot be used for boosting.

!ENTRY com.infineon.aurix.buildsystem 1 0 2023-12-09 23:06:37.302
!MESSAGE Boosting configuration TriCore Debug (TASKING) of project KIT_A2G_TC375_LITE boosted in 0 milliseconds. (full boost)

!ENTRY com.infineon.aurix.buildsystem 1 0 2023-12-09 23:06:37.464
!MESSAGE Include paths were discovered in 160 milliseconds.

!ENTRY org.eclipse.cdt.core 1 0 2023-12-09 23:07:06.170
!MESSAGE Indexed 'KIT_A2G_TC375_LITE' (87 sources, 494 headers) in 29,8 sec: 133 110 declarations; 122 940 references; 12 unresolved inclusions; 1 286 syntax errors; 5 100 unresolved names (2 %)

!ENTRY com.infineon.aurix.buildsystem 1 0 2023-12-09 23:07:10.855
!MESSAGE Boosting configuration SCR Debug (SDCC) of project KIT_A2G_TC375_LITE boosted in 342 milliseconds. (incremental boost)

!ENTRY com.infineon.aurix.buildsystem 1 0 2023-12-09 23:07:12.894
!MESSAGE Boosting configuration TriCore Debug (TASKING) of project KIT_A2G_TC375_LITE boosted in 2036 milliseconds. (incremental boost)

!ENTRY com.infineon.aurix.buildsystem 1 0 2023-12-09 23:07:12.974
!MESSAGE Include paths were discovered in 78 milliseconds.
!SESSION 2023-12-09 23:25:13.418 -----------------------------------------------
eclipse.buildId=1.9.20
java.version=17.0.4.1
java.vendor=Eclipse Adoptium
BootLoader constants: OS=win32, ARCH=x86_64, WS=win32, NL=en_US
Framework arguments:  -perspective com.infineon.aurix.buildmanager.perspective.c
Command-line arguments:  -os win32 -ws win32 -arch x86_64 -perspective com.infineon.aurix.buildmanager.perspective.c

!ENTRY com.infineon.aurix.buildsystem 4 0 2023-12-09 23:25:43.541
!MESSAGE ConnectException
!STACK 0
java.net.ConnectException
	at java.net.http/jdk.internal.net.http.HttpClientImpl.send(HttpClientImpl.java:573)
	at java.net.http/jdk.internal.net.http.HttpClientFacade.send(HttpClientFacade.java:123)
	at com.infineon.aurix.buildsystem.IFXNetworkUtils$1.run(IFXNetworkUtils.java:44)
	at org.eclipse.core.internal.jobs.Worker.run(Worker.java:63)
Caused by: java.net.ConnectException
	at java.net.http/jdk.internal.net.http.common.Utils.toConnectException(Utils.java:1047)
	at java.net.http/jdk.internal.net.http.PlainHttpConnection.connectAsync(PlainHttpConnection.java:198)
	at java.net.http/jdk.internal.net.http.AsyncSSLConnection.connectAsync(AsyncSSLConnection.java:56)
	at java.net.http/jdk.internal.net.http.Http1Exchange.sendHeadersAsync(Http1Exchange.java:239)
	at java.net.http/jdk.internal.net.http.Exchange.lambda$responseAsyncImpl0$9(Exchange.java:472)
	at java.net.http/jdk.internal.net.http.Exchange.checkFor407(Exchange.java:404)
	at java.net.http/jdk.internal.net.http.Exchange.lambda$responseAsyncImpl0$10(Exchange.java:476)
	at java.base/java.util.concurrent.CompletableFuture.uniHandle(CompletableFuture.java:934)
	at java.base/java.util.concurrent.CompletableFuture.uniHandleStage(CompletableFuture.java:950)
	at java.base/java.util.concurrent.CompletableFuture.handle(CompletableFuture.java:2340)
	at java.net.http/jdk.internal.net.http.Exchange.responseAsyncImpl0(Exchange.java:476)
	at java.net.http/jdk.internal.net.http.Exchange.responseAsyncImpl(Exchange.java:380)
	at java.net.http/jdk.internal.net.http.Exchange.responseAsync(Exchange.java:372)
	at java.net.http/jdk.internal.net.http.MultiExchange.responseAsyncImpl(MultiExchange.java:408)
	at java.net.http/jdk.internal.net.http.MultiExchange.lambda$responseAsyncImpl$7(MultiExchange.java:449)
	at java.base/java.util.concurrent.CompletableFuture.uniHandle(CompletableFuture.java:934)
	at java.base/java.util.concurrent.CompletableFuture.uniHandleStage(CompletableFuture.java:950)
	at java.base/java.util.concurrent.CompletableFuture.handle(CompletableFuture.java:2340)
	at java.net.http/jdk.internal.net.http.MultiExchange.responseAsyncImpl(MultiExchange.java:439)
	at java.net.http/jdk.internal.net.http.MultiExchange.lambda$responseAsync0$2(MultiExchange.java:341)
	at java.base/java.util.concurrent.CompletableFuture$UniCompose.tryFire(CompletableFuture.java:1150)
	at java.base/java.util.concurrent.CompletableFuture.postComplete(CompletableFuture.java:510)
	at java.base/java.util.concurrent.CompletableFuture$AsyncSupply.run(CompletableFuture.java:1773)
	at java.net.http/jdk.internal.net.http.HttpClientImpl$DelegatingExecutor.execute(HttpClientImpl.java:157)
	at java.base/java.util.concurrent.CompletableFuture.completeAsync(CompletableFuture.java:2673)
	at java.net.http/jdk.internal.net.http.MultiExchange.responseAsync(MultiExchange.java:294)
	at java.net.http/jdk.internal.net.http.HttpClientImpl.sendAsync(HttpClientImpl.java:654)
	at java.net.http/jdk.internal.net.http.HttpClientImpl.send(HttpClientImpl.java:552)
	... 3 more
Caused by: java.nio.channels.UnresolvedAddressException
	at java.base/sun.nio.ch.Net.checkAddress(Net.java:149)
	at java.base/sun.nio.ch.Net.checkAddress(Net.java:157)
	at java.base/sun.nio.ch.SocketChannelImpl.checkRemote(SocketChannelImpl.java:816)
	at java.base/sun.nio.ch.SocketChannelImpl.connect(SocketChannelImpl.java:839)
	at java.net.http/jdk.internal.net.http.PlainHttpConnection.lambda$connectAsync$0(PlainHttpConnection.java:183)
	at java.base/java.security.AccessController.doPrivileged(AccessController.java:569)
	at java.net.http/jdk.internal.net.http.PlainHttpConnection.connectAsync(PlainHttpConnection.java:185)
	... 29 more

!ENTRY org.eclipse.cdt.core 1 0 2023-12-09 23:32:54.916
!MESSAGE Indexed 'KIT_A2G_TC375_LITE' (12 sources, 8 headers) in 0,69 sec: 434 declarations; 431 references; 0 unresolved inclusions; 209 syntax errors; 208 unresolved names (19 %)

!ENTRY com.infineon.aurix.buildsystem 1 0 2023-12-09 23:32:55.958
!MESSAGE Boosting configuration SCR Debug (SDCC) of project KIT_A2G_TC375_LITE boosted in 367 milliseconds. (full boost)

!ENTRY com.infineon.aurix.buildsystem 1 0 2023-12-09 23:32:56.060
!MESSAGE Include paths were discovered in 97 milliseconds.

!ENTRY com.infineon.aurix.buildsystem 1 0 2023-12-09 23:39:28.903
!MESSAGE Boosting configuration SCR Debug (SDCC) of project KIT_A2G_TC375_LITE boosted in 160 milliseconds. (full boost)

!ENTRY com.infineon.aurix.buildsystem 1 0 2023-12-09 23:39:28.980
!MESSAGE Include paths were discovered in 75 milliseconds.

!ENTRY com.infineon.aurix.buildsystem 1 0 2023-12-09 23:39:36.338
!MESSAGE Project index is not complete, and cannot be used for boosting.

!ENTRY com.infineon.aurix.buildsystem 1 0 2023-12-09 23:39:36.339
!MESSAGE Boosting configuration SCR Debug (SDCC) of project KIT_A2G_TC375_LITE boosted in 1 milliseconds. (full boost)

!ENTRY com.infineon.aurix.buildsystem 1 0 2023-12-09 23:39:36.340
!MESSAGE Project index is not complete, and cannot be used for boosting.

!ENTRY com.infineon.aurix.buildsystem 1 0 2023-12-09 23:39:36.341
!MESSAGE Boosting configuration TriCore Debug (TASKING) of project KIT_A2G_TC375_LITE boosted in 1 milliseconds. (full boost)

!ENTRY com.infineon.aurix.buildsystem 1 0 2023-12-09 23:39:36.624
!MESSAGE Include paths were discovered in 280 milliseconds.

!ENTRY org.eclipse.cdt.core 1 0 2023-12-09 23:40:17.650
!MESSAGE Indexed 'KIT_A2G_TC375_LITE' (88 sources, 488 headers) in 43,1 sec: 133 239 declarations; 123 159 references; 12 unresolved inclusions; 861 syntax errors; 5 294 unresolved names (2 %)

!ENTRY com.infineon.aurix.buildsystem 1 0 2023-12-09 23:40:24.584
!MESSAGE Boosting configuration SCR Debug (SDCC) of project KIT_A2G_TC375_LITE boosted in 344 milliseconds. (incremental boost)

!ENTRY com.infineon.aurix.buildsystem 1 0 2023-12-09 23:40:26.736
!MESSAGE Boosting configuration TriCore Debug (TASKING) of project KIT_A2G_TC375_LITE boosted in 2149 milliseconds. (incremental boost)

!ENTRY com.infineon.aurix.buildsystem 1 0 2023-12-09 23:40:26.881
!MESSAGE Include paths were discovered in 142 milliseconds.

!ENTRY com.infineon.aurix.buildsystem 1 0 2023-12-09 23:40:43.992
!MESSAGE Boosting configuration SCR Debug (SDCC) of project KIT_A2G_TC375_LITE boosted in 226 milliseconds. (incremental boost)

!ENTRY com.infineon.aurix.buildsystem 1 0 2023-12-09 23:40:45.938
!MESSAGE Boosting configuration TriCore Debug (TASKING) of project KIT_A2G_TC375_LITE boosted in 1944 milliseconds. (incremental boost)

!ENTRY com.infineon.aurix.buildsystem 1 0 2023-12-09 23:40:46.087
!MESSAGE Include paths were discovered in 147 milliseconds.

!ENTRY com.infineon.aurix.buildsystem 1 0 2023-12-09 23:40:52.589
!MESSAGE Project index is not complete, and cannot be used for boosting.

!ENTRY com.infineon.aurix.buildsystem 1 0 2023-12-09 23:40:52.590
!MESSAGE Boosting configuration SCR Debug (SDCC) of project KIT_A2G_TC375_LITE boosted in 0 milliseconds. (incremental boost)

!ENTRY com.infineon.aurix.buildsystem 1 0 2023-12-09 23:40:52.590
!MESSAGE Project index is not complete, and cannot be used for boosting.

!ENTRY com.infineon.aurix.buildsystem 1 0 2023-12-09 23:40:52.591
!MESSAGE Boosting configuration TriCore Debug (TASKING) of project KIT_A2G_TC375_LITE boosted in 0 milliseconds. (incremental boost)

!ENTRY com.infineon.aurix.buildsystem 1 0 2023-12-09 23:40:52.685
!MESSAGE Include paths were discovered in 93 milliseconds.
!SESSION 2023-12-09 23:50:50.514 -----------------------------------------------
eclipse.buildId=1.9.20
java.version=17.0.4.1
java.vendor=Eclipse Adoptium
BootLoader constants: OS=win32, ARCH=x86_64, WS=win32, NL=en_US
Framework arguments:  -perspective com.infineon.aurix.buildmanager.perspective.c
Command-line arguments:  -os win32 -ws win32 -arch x86_64 -perspective com.infineon.aurix.buildmanager.perspective.c

!ENTRY com.infineon.aurix.buildsystem 4 0 2023-12-09 23:51:19.753
!MESSAGE ConnectException
!STACK 0
java.net.ConnectException
	at java.net.http/jdk.internal.net.http.HttpClientImpl.send(HttpClientImpl.java:573)
	at java.net.http/jdk.internal.net.http.HttpClientFacade.send(HttpClientFacade.java:123)
	at com.infineon.aurix.buildsystem.IFXNetworkUtils$1.run(IFXNetworkUtils.java:44)
	at org.eclipse.core.internal.jobs.Worker.run(Worker.java:63)
Caused by: java.net.ConnectException
	at java.net.http/jdk.internal.net.http.common.Utils.toConnectException(Utils.java:1047)
	at java.net.http/jdk.internal.net.http.PlainHttpConnection.connectAsync(PlainHttpConnection.java:198)
	at java.net.http/jdk.internal.net.http.AsyncSSLConnection.connectAsync(AsyncSSLConnection.java:56)
	at java.net.http/jdk.internal.net.http.Http1Exchange.sendHeadersAsync(Http1Exchange.java:239)
	at java.net.http/jdk.internal.net.http.Exchange.lambda$responseAsyncImpl0$9(Exchange.java:472)
	at java.net.http/jdk.internal.net.http.Exchange.checkFor407(Exchange.java:404)
	at java.net.http/jdk.internal.net.http.Exchange.lambda$responseAsyncImpl0$10(Exchange.java:476)
	at java.base/java.util.concurrent.CompletableFuture.uniHandle(CompletableFuture.java:934)
	at java.base/java.util.concurrent.CompletableFuture.uniHandleStage(CompletableFuture.java:950)
	at java.base/java.util.concurrent.CompletableFuture.handle(CompletableFuture.java:2340)
	at java.net.http/jdk.internal.net.http.Exchange.responseAsyncImpl0(Exchange.java:476)
	at java.net.http/jdk.internal.net.http.Exchange.responseAsyncImpl(Exchange.java:380)
	at java.net.http/jdk.internal.net.http.Exchange.responseAsync(Exchange.java:372)
	at java.net.http/jdk.internal.net.http.MultiExchange.responseAsyncImpl(MultiExchange.java:408)
	at java.net.http/jdk.internal.net.http.MultiExchange.lambda$responseAsyncImpl$7(MultiExchange.java:449)
	at java.base/java.util.concurrent.CompletableFuture.uniHandle(CompletableFuture.java:934)
	at java.base/java.util.concurrent.CompletableFuture.uniHandleStage(CompletableFuture.java:950)
	at java.base/java.util.concurrent.CompletableFuture.handle(CompletableFuture.java:2340)
	at java.net.http/jdk.internal.net.http.MultiExchange.responseAsyncImpl(MultiExchange.java:439)
	at java.net.http/jdk.internal.net.http.MultiExchange.lambda$responseAsync0$2(MultiExchange.java:341)
	at java.base/java.util.concurrent.CompletableFuture$UniCompose.tryFire(CompletableFuture.java:1150)
	at java.base/java.util.concurrent.CompletableFuture.postComplete(CompletableFuture.java:510)
	at java.base/java.util.concurrent.CompletableFuture$AsyncSupply.run(CompletableFuture.java:1773)
	at java.net.http/jdk.internal.net.http.HttpClientImpl$DelegatingExecutor.execute(HttpClientImpl.java:157)
	at java.base/java.util.concurrent.CompletableFuture.completeAsync(CompletableFuture.java:2673)
	at java.net.http/jdk.internal.net.http.MultiExchange.responseAsync(MultiExchange.java:294)
	at java.net.http/jdk.internal.net.http.HttpClientImpl.sendAsync(HttpClientImpl.java:654)
	at java.net.http/jdk.internal.net.http.HttpClientImpl.send(HttpClientImpl.java:552)
	... 3 more
Caused by: java.nio.channels.UnresolvedAddressException
	at java.base/sun.nio.ch.Net.checkAddress(Net.java:149)
	at java.base/sun.nio.ch.Net.checkAddress(Net.java:157)
	at java.base/sun.nio.ch.SocketChannelImpl.checkRemote(SocketChannelImpl.java:816)
	at java.base/sun.nio.ch.SocketChannelImpl.connect(SocketChannelImpl.java:839)
	at java.net.http/jdk.internal.net.http.PlainHttpConnection.lambda$connectAsync$0(PlainHttpConnection.java:183)
	at java.base/java.security.AccessController.doPrivileged(AccessController.java:569)
	at java.net.http/jdk.internal.net.http.PlainHttpConnection.connectAsync(PlainHttpConnection.java:185)
	... 29 more

!ENTRY org.eclipse.cdt.core 1 0 2023-12-09 23:51:32.586
!MESSAGE Indexed 'KIT_A2G_TC375_LITE' (12 sources, 8 headers) in 0,939 sec: 434 declarations; 439 references; 0 unresolved inclusions; 209 syntax errors; 208 unresolved names (19 %)

!ENTRY com.infineon.aurix.buildsystem 1 0 2023-12-09 23:51:33.745
!MESSAGE Boosting configuration SCR Debug (SDCC) of project KIT_A2G_TC375_LITE boosted in 296 milliseconds. (full boost)

!ENTRY com.infineon.aurix.buildsystem 1 0 2023-12-09 23:51:33.824
!MESSAGE Include paths were discovered in 75 milliseconds.

!ENTRY com.infineon.aurix.buildsystem 1 0 2023-12-09 23:51:42.752
!MESSAGE Project index is not complete, and cannot be used for boosting.

!ENTRY com.infineon.aurix.buildsystem 1 0 2023-12-09 23:51:42.753
!MESSAGE Boosting configuration SCR Debug (SDCC) of project KIT_A2G_TC375_LITE boosted in 1 milliseconds. (full boost)

!ENTRY com.infineon.aurix.buildsystem 1 0 2023-12-09 23:51:42.756
!MESSAGE Project index is not complete, and cannot be used for boosting.

!ENTRY com.infineon.aurix.buildsystem 1 0 2023-12-09 23:51:42.757
!MESSAGE Boosting configuration TriCore Debug (TASKING) of project KIT_A2G_TC375_LITE boosted in 1 milliseconds. (full boost)

!ENTRY com.infineon.aurix.buildsystem 1 0 2023-12-09 23:51:42.957
!MESSAGE Include paths were discovered in 198 milliseconds.

!ENTRY org.eclipse.cdt.core 1 0 2023-12-09 23:52:22.283
!MESSAGE Indexed 'KIT_A2G_TC375_LITE' (87 sources, 484 headers) in 42,3 sec: 132 948 declarations; 122 902 references; 12 unresolved inclusions; 860 syntax errors; 5 086 unresolved names (1,9 %)

!ENTRY com.infineon.aurix.buildsystem 1 0 2023-12-09 23:52:37.688
!MESSAGE Boosting configuration SCR Debug (SDCC) of project KIT_A2G_TC375_LITE boosted in 309 milliseconds. (incremental boost)

!ENTRY com.infineon.aurix.buildsystem 1 0 2023-12-09 23:52:39.816
!MESSAGE Boosting configuration TriCore Debug (TASKING) of project KIT_A2G_TC375_LITE boosted in 2124 milliseconds. (incremental boost)

!ENTRY com.infineon.aurix.buildsystem 1 0 2023-12-09 23:52:39.983
!MESSAGE Include paths were discovered in 165 milliseconds.

!ENTRY com.infineon.aurix.buildsystem 1 0 2023-12-09 23:52:45.846
!MESSAGE Project index is not complete, and cannot be used for boosting.

!ENTRY com.infineon.aurix.buildsystem 1 0 2023-12-09 23:52:45.846
!MESSAGE Boosting configuration SCR Debug (SDCC) of project KIT_A2G_TC375_LITE boosted in 1 milliseconds. (incremental boost)

!ENTRY com.infineon.aurix.buildsystem 1 0 2023-12-09 23:52:45.847
!MESSAGE Project index is not complete, and cannot be used for boosting.

!ENTRY com.infineon.aurix.buildsystem 1 0 2023-12-09 23:52:45.848
!MESSAGE Boosting configuration TriCore Debug (TASKING) of project KIT_A2G_TC375_LITE boosted in 0 milliseconds. (incremental boost)

!ENTRY com.infineon.aurix.buildsystem 1 0 2023-12-09 23:52:45.989
!MESSAGE Include paths were discovered in 138 milliseconds.

!ENTRY com.tasking.debug.cdt.core 4 150 2023-12-09 23:52:55.800
!MESSAGE Error creating session 
!SUBENTRY 1 com.tasking.debug.cdt.core 4 150 2023-12-09 23:52:55.800
!MESSAGE The debug instrument IO could not be initialized.
!SUBENTRY 1 com.tasking.debug.cdt.core 4 150 2023-12-09 23:52:55.800
!MESSAGE The GDI debug instrument provided the following error message.
!SUBENTRY 1 com.tasking.debug.cdt.core 4 150 2023-12-09 23:52:55.800
!MESSAGE Could not open Access HW

!ENTRY com.infineon.aurix.buildsystem 1 0 2023-12-09 23:53:13.104
!MESSAGE Boosting configuration SCR Debug (SDCC) of project KIT_A2G_TC375_LITE boosted in 254 milliseconds. (incremental boost)

!ENTRY com.infineon.aurix.buildsystem 1 0 2023-12-09 23:53:15.056
!MESSAGE Boosting configuration TriCore Debug (TASKING) of project KIT_A2G_TC375_LITE boosted in 1950 milliseconds. (incremental boost)

!ENTRY com.infineon.aurix.buildsystem 1 0 2023-12-09 23:53:15.165
!MESSAGE Include paths were discovered in 107 milliseconds.

!ENTRY com.infineon.aurix.buildsystem 1 0 2023-12-09 23:53:20.651
!MESSAGE Boosting configuration SCR Debug (SDCC) of project KIT_A2G_TC375_LITE boosted in 221 milliseconds. (incremental boost)

!ENTRY com.infineon.aurix.buildsystem 1 0 2023-12-09 23:53:22.588
!MESSAGE Boosting configuration TriCore Debug (TASKING) of project KIT_A2G_TC375_LITE boosted in 1935 milliseconds. (incremental boost)

!ENTRY com.infineon.aurix.buildsystem 1 0 2023-12-09 23:53:22.690
!MESSAGE Include paths were discovered in 101 milliseconds.

!ENTRY org.eclipse.ui.console 4 120 2023-12-09 23:53:27.440
!MESSAGE Error logged from Console plug-in: 
!STACK 0
java.io.IOException: Output Stream is closed
	at org.eclipse.ui.console.IOConsoleOutputStream.encodedWrite(IOConsoleOutputStream.java:265)
	at org.eclipse.ui.console.IOConsoleOutputStream.write(IOConsoleOutputStream.java:260)
	at org.eclipse.ui.console.MessageConsoleStream.print(MessageConsoleStream.java:74)
	at org.eclipse.ui.console.MessageConsoleStream.println(MessageConsoleStream.java:99)
	at com.tasking.debug.cdt.core.DWNSession.logDebugConsoleMessage(DWNSession.java:2532)
	at com.tasking.debug.cdt.core.DWNSession.logDebugConsoleMessage(DWNSession.java:2543)
	at com.tasking.debug.cdt.core.DWNSession.logDebugConsoleMessage(DWNSession.java:2550)
	at com.tasking.debug.cdt.core.DWNSession.reloadApplication(DWNSession.java:3478)
	at com.tasking.debug.cdt.core.DWNSession.reloadSuggestion(DWNSession.java:3384)
	at com.tasking.debug.cdt.core.DWNSession.reloadSuggestionProcess(DWNSession.java:3409)
	at com.tasking.debug.cdt.core.DarwinPlugin$DarwinPluginAuxThread.run(DarwinPlugin.java:424)

!ENTRY com.infineon.aurix.buildsystem 1 0 2023-12-09 23:55:27.720
!MESSAGE Project index is not complete, and cannot be used for boosting.

!ENTRY com.infineon.aurix.buildsystem 1 0 2023-12-09 23:55:27.721
!MESSAGE Boosting configuration SCR Debug (SDCC) of project KIT_A2G_TC375_LITE boosted in 1 milliseconds. (full boost)

!ENTRY com.infineon.aurix.buildsystem 1 0 2023-12-09 23:55:27.723
!MESSAGE Project index is not complete, and cannot be used for boosting.

!ENTRY com.infineon.aurix.buildsystem 1 0 2023-12-09 23:55:27.724
!MESSAGE Boosting configuration TriCore Debug (TASKING) of project KIT_A2G_TC375_LITE boosted in 1 milliseconds. (full boost)

!ENTRY com.infineon.aurix.buildsystem 1 0 2023-12-09 23:55:27.898
!MESSAGE Include paths were discovered in 172 milliseconds.

!ENTRY com.infineon.aurix.buildsystem 1 0 2023-12-09 23:56:11.442
!MESSAGE Boosting configuration SCR Debug (SDCC) of project KIT_A2G_TC375_LITE boosted in 284 milliseconds. (incremental boost)

!ENTRY com.infineon.aurix.buildsystem 1 0 2023-12-09 23:56:13.324
!MESSAGE Boosting configuration TriCore Debug (TASKING) of project KIT_A2G_TC375_LITE boosted in 1879 milliseconds. (incremental boost)

!ENTRY com.infineon.aurix.buildsystem 1 0 2023-12-09 23:56:13.427
!MESSAGE Include paths were discovered in 100 milliseconds.

!ENTRY com.infineon.aurix.buildsystem 1 0 2023-12-09 23:56:19.599
!MESSAGE Project index is not complete, and cannot be used for boosting.

!ENTRY com.infineon.aurix.buildsystem 1 0 2023-12-09 23:56:19.599
!MESSAGE Boosting configuration SCR Debug (SDCC) of project KIT_A2G_TC375_LITE boosted in 0 milliseconds. (incremental boost)

!ENTRY com.infineon.aurix.buildsystem 1 0 2023-12-09 23:56:19.600
!MESSAGE Project index is not complete, and cannot be used for boosting.

!ENTRY com.infineon.aurix.buildsystem 1 0 2023-12-09 23:56:19.600
!MESSAGE Boosting configuration TriCore Debug (TASKING) of project KIT_A2G_TC375_LITE boosted in 0 milliseconds. (incremental boost)

!ENTRY com.infineon.aurix.buildsystem 1 0 2023-12-09 23:56:19.691
!MESSAGE Include paths were discovered in 89 milliseconds.

!ENTRY org.eclipse.cdt.core 1 0 2023-12-10 00:00:54.190
!MESSAGE Indexed 'KIT_A2G_TC375_LITE' (12 sources, 8 headers) in 0,136 sec: 434 declarations; 440 references; 0 unresolved inclusions; 209 syntax errors; 208 unresolved names (19 %)

!ENTRY com.infineon.aurix.buildsystem 1 0 2023-12-10 00:00:54.941
!MESSAGE Boosting configuration SCR Debug (SDCC) of project KIT_A2G_TC375_LITE boosted in 185 milliseconds. (full boost)

!ENTRY com.infineon.aurix.buildsystem 1 0 2023-12-10 00:00:54.981
!MESSAGE Include paths were discovered in 38 milliseconds.

!ENTRY com.infineon.aurix.buildsystem 1 0 2023-12-10 00:01:03.638
!MESSAGE Project index is not complete, and cannot be used for boosting.

!ENTRY com.infineon.aurix.buildsystem 1 0 2023-12-10 00:01:03.640
!MESSAGE Boosting configuration SCR Debug (SDCC) of project KIT_A2G_TC375_LITE boosted in 1 milliseconds. (full boost)

!ENTRY com.infineon.aurix.buildsystem 1 0 2023-12-10 00:01:03.641
!MESSAGE Project index is not complete, and cannot be used for boosting.

!ENTRY com.infineon.aurix.buildsystem 1 0 2023-12-10 00:01:03.642
!MESSAGE Boosting configuration TriCore Debug (TASKING) of project KIT_A2G_TC375_LITE boosted in 1 milliseconds. (full boost)

!ENTRY com.infineon.aurix.buildsystem 1 0 2023-12-10 00:01:04.155
!MESSAGE Include paths were discovered in 510 milliseconds.

!ENTRY org.eclipse.cdt.core 1 0 2023-12-10 00:01:44.727
!MESSAGE Indexed 'KIT_A2G_TC375_LITE' (87 sources, 493 headers) in 42,5 sec: 133 105 declarations; 120 906 references; 12 unresolved inclusions; 2 409 syntax errors; 5 985 unresolved names (2,3 %)

!ENTRY com.infineon.aurix.buildsystem 1 0 2023-12-10 00:01:54.310
!MESSAGE Boosting configuration SCR Debug (SDCC) of project KIT_A2G_TC375_LITE boosted in 573 milliseconds. (incremental boost)

!ENTRY com.infineon.aurix.buildsystem 1 0 2023-12-10 00:01:56.523
!MESSAGE Boosting configuration TriCore Debug (TASKING) of project KIT_A2G_TC375_LITE boosted in 2210 milliseconds. (incremental boost)

!ENTRY com.infineon.aurix.buildsystem 1 0 2023-12-10 00:01:56.671
!MESSAGE Include paths were discovered in 145 milliseconds.

!ENTRY com.infineon.aurix.buildsystem 1 0 2023-12-10 00:02:24.441
!MESSAGE Boosting configuration SCR Debug (SDCC) of project KIT_A2G_TC375_LITE boosted in 274 milliseconds. (incremental boost)

!ENTRY com.infineon.aurix.buildsystem 1 0 2023-12-10 00:02:26.165
!MESSAGE Boosting configuration TriCore Debug (TASKING) of project KIT_A2G_TC375_LITE boosted in 1723 milliseconds. (incremental boost)

!ENTRY com.infineon.aurix.buildsystem 1 0 2023-12-10 00:02:26.345
!MESSAGE Include paths were discovered in 178 milliseconds.

!ENTRY com.infineon.aurix.buildsystem 1 0 2023-12-10 00:02:33.711
!MESSAGE Project index is not complete, and cannot be used for boosting.

!ENTRY com.infineon.aurix.buildsystem 1 0 2023-12-10 00:02:33.712
!MESSAGE Boosting configuration SCR Debug (SDCC) of project KIT_A2G_TC375_LITE boosted in 1 milliseconds. (incremental boost)

!ENTRY com.infineon.aurix.buildsystem 1 0 2023-12-10 00:02:33.713
!MESSAGE Project index is not complete, and cannot be used for boosting.

!ENTRY com.infineon.aurix.buildsystem 1 0 2023-12-10 00:02:33.715
!MESSAGE Boosting configuration TriCore Debug (TASKING) of project KIT_A2G_TC375_LITE boosted in 1 milliseconds. (incremental boost)

!ENTRY com.infineon.aurix.buildsystem 1 0 2023-12-10 00:02:33.887
!MESSAGE Include paths were discovered in 170 milliseconds.

!ENTRY org.eclipse.cdt.core 1 0 2023-12-10 00:32:04.700
!MESSAGE Indexed 'KIT_A2G_TC375_LITE' (12 sources, 8 headers) in 0,072 sec: 434 declarations; 440 references; 0 unresolved inclusions; 209 syntax errors; 208 unresolved names (19 %)

!ENTRY com.infineon.aurix.buildsystem 1 0 2023-12-10 00:32:05.304
!MESSAGE Boosting configuration SCR Debug (SDCC) of project KIT_A2G_TC375_LITE boosted in 119 milliseconds. (full boost)

!ENTRY com.infineon.aurix.buildsystem 1 0 2023-12-10 00:32:05.348
!MESSAGE Include paths were discovered in 42 milliseconds.

!ENTRY com.infineon.aurix.buildsystem 1 0 2023-12-10 00:32:11.501
!MESSAGE Project index is not complete, and cannot be used for boosting.

!ENTRY com.infineon.aurix.buildsystem 1 0 2023-12-10 00:32:11.502
!MESSAGE Boosting configuration SCR Debug (SDCC) of project KIT_A2G_TC375_LITE boosted in 0 milliseconds. (full boost)

!ENTRY com.infineon.aurix.buildsystem 1 0 2023-12-10 00:32:11.502
!MESSAGE Project index is not complete, and cannot be used for boosting.

!ENTRY com.infineon.aurix.buildsystem 1 0 2023-12-10 00:32:11.503
!MESSAGE Boosting configuration TriCore Debug (TASKING) of project KIT_A2G_TC375_LITE boosted in 0 milliseconds. (full boost)

!ENTRY com.infineon.aurix.buildsystem 1 0 2023-12-10 00:32:11.617
!MESSAGE Include paths were discovered in 110 milliseconds.

!ENTRY org.eclipse.cdt.core 1 0 2023-12-10 00:32:39.562
!MESSAGE Indexed 'KIT_A2G_TC375_LITE' (87 sources, 493 headers) in 29 sec: 133 071 declarations; 120 864 references; 12 unresolved inclusions; 2 399 syntax errors; 5 971 unresolved names (2,3 %)

!ENTRY com.infineon.aurix.buildsystem 1 0 2023-12-10 00:32:48.795
!MESSAGE Boosting configuration SCR Debug (SDCC) of project KIT_A2G_TC375_LITE boosted in 319 milliseconds. (incremental boost)

!ENTRY com.infineon.aurix.buildsystem 1 0 2023-12-10 00:32:50.175
!MESSAGE Boosting configuration TriCore Debug (TASKING) of project KIT_A2G_TC375_LITE boosted in 1378 milliseconds. (incremental boost)

!ENTRY com.infineon.aurix.buildsystem 1 0 2023-12-10 00:32:50.286
!MESSAGE Include paths were discovered in 108 milliseconds.

!ENTRY com.infineon.aurix.buildsystem 1 0 2023-12-10 00:33:16.924
!MESSAGE Boosting configuration SCR Debug (SDCC) of project KIT_A2G_TC375_LITE boosted in 236 milliseconds. (incremental boost)

!ENTRY com.infineon.aurix.buildsystem 1 0 2023-12-10 00:33:18.234
!MESSAGE Boosting configuration TriCore Debug (TASKING) of project KIT_A2G_TC375_LITE boosted in 1308 milliseconds. (incremental boost)

!ENTRY com.infineon.aurix.buildsystem 1 0 2023-12-10 00:33:18.320
!MESSAGE Include paths were discovered in 84 milliseconds.

!ENTRY com.infineon.aurix.buildsystem 1 0 2023-12-10 00:33:23.688
!MESSAGE Project index is not complete, and cannot be used for boosting.

!ENTRY com.infineon.aurix.buildsystem 1 0 2023-12-10 00:33:23.689
!MESSAGE Boosting configuration SCR Debug (SDCC) of project KIT_A2G_TC375_LITE boosted in 0 milliseconds. (incremental boost)

!ENTRY com.infineon.aurix.buildsystem 1 0 2023-12-10 00:33:23.689
!MESSAGE Project index is not complete, and cannot be used for boosting.

!ENTRY com.infineon.aurix.buildsystem 1 0 2023-12-10 00:33:23.690
!MESSAGE Boosting configuration TriCore Debug (TASKING) of project KIT_A2G_TC375_LITE boosted in 0 milliseconds. (incremental boost)

!ENTRY com.infineon.aurix.buildsystem 1 0 2023-12-10 00:33:23.783
!MESSAGE Include paths were discovered in 92 milliseconds.
